Determining if the include file altivec.h exists failed with the following output:
Change Dir: /home/zhbit/zhbit_vision-v1.1/Zhbit_Vision_Aim/Buff/lib/fftw-3.3.10/build/CMakeFiles/CMakeTmp

Run Build Command:"/usr/bin/make" "cmTC_aed76/fast"
/usr/bin/make -f CMakeFiles/cmTC_aed76.dir/build.make CMakeFiles/cmTC_aed76.dir/build
make[1]: 进入目录“/home/zhbit/zhbit_vision-v1.1/Zhbit_Vision_Aim/Buff/lib/fftw-3.3.10/build/CMakeFiles/CMakeTmp”
Building C object CMakeFiles/cmTC_aed76.dir/CheckIncludeFile.c.o
/usr/bin/cc    -o CMakeFiles/cmTC_aed76.dir/CheckIncludeFile.c.o   -c /home/zhbit/zhbit_vision-v1.1/Zhbit_Vision_Aim/Buff/lib/fftw-3.3.10/build/CMakeFiles/CMakeTmp/CheckIncludeFile.c
/home/zhbit/zhbit_vision-v1.1/Zhbit_Vision_Aim/Buff/lib/fftw-3.3.10/build/CMakeFiles/CMakeTmp/CheckIncludeFile.c:1:10: fatal error: altivec.h: 没有那个文件或目录
 #include <altivec.h>
          ^~~~~~~~~~~
compilation terminated.
CMakeFiles/cmTC_aed76.dir/build.make:65: recipe for target 'CMakeFiles/cmTC_aed76.dir/CheckIncludeFile.c.o' failed
make[1]: *** [CMakeFiles/cmTC_aed76.dir/CheckIncludeFile.c.o] Error 1
make[1]: 离开目录“/home/zhbit/zhbit_vision-v1.1/Zhbit_Vision_Aim/Buff/lib/fftw-3.3.10/build/CMakeFiles/CMakeTmp”
Makefile:126: recipe for target 'cmTC_aed76/fast' failed
make: *** [cmTC_aed76/fast] Error 2


Determining if the include file c_asm.h exists failed with the following output:
Change Dir: /home/zhbit/zhbit_vision-v1.1/Zhbit_Vision_Aim/Buff/lib/fftw-3.3.10/build/CMakeFiles/CMakeTmp

Run Build Command:"/usr/bin/make" "cmTC_35684/fast"
/usr/bin/make -f CMakeFiles/cmTC_35684.dir/build.make CMakeFiles/cmTC_35684.dir/build
make[1]: 进入目录“/home/zhbit/zhbit_vision-v1.1/Zhbit_Vision_Aim/Buff/lib/fftw-3.3.10/build/CMakeFiles/CMakeTmp”
Building C object CMakeFiles/cmTC_35684.dir/CheckIncludeFile.c.o
/usr/bin/cc    -o CMakeFiles/cmTC_35684.dir/CheckIncludeFile.c.o   -c /home/zhbit/zhbit_vision-v1.1/Zhbit_Vision_Aim/Buff/lib/fftw-3.3.10/build/CMakeFiles/CMakeTmp/CheckIncludeFile.c
/home/zhbit/zhbit_vision-v1.1/Zhbit_Vision_Aim/Buff/lib/fftw-3.3.10/build/CMakeFiles/CMakeTmp/CheckIncludeFile.c:1:10: fatal error: c_asm.h: 没有那个文件或目录
 #include <c_asm.h>
          ^~~~~~~~~
compilation terminated.
CMakeFiles/cmTC_35684.dir/build.make:65: recipe for target 'CMakeFiles/cmTC_35684.dir/CheckIncludeFile.c.o' failed
make[1]: *** [CMakeFiles/cmTC_35684.dir/CheckIncludeFile.c.o] Error 1
make[1]: 离开目录“/home/zhbit/zhbit_vision-v1.1/Zhbit_Vision_Aim/Buff/lib/fftw-3.3.10/build/CMakeFiles/CMakeTmp”
Makefile:126: recipe for target 'cmTC_35684/fast' failed
make: *** [cmTC_35684/fast] Error 2


Determining if the include file intrinsics.h exists failed with the following output:
Change Dir: /home/zhbit/zhbit_vision-v1.1/Zhbit_Vision_Aim/Buff/lib/fftw-3.3.10/build/CMakeFiles/CMakeTmp

Run Build Command:"/usr/bin/make" "cmTC_145a0/fast"
/usr/bin/make -f CMakeFiles/cmTC_145a0.dir/build.make CMakeFiles/cmTC_145a0.dir/build
make[1]: 进入目录“/home/zhbit/zhbit_vision-v1.1/Zhbit_Vision_Aim/Buff/lib/fftw-3.3.10/build/CMakeFiles/CMakeTmp”
Building C object CMakeFiles/cmTC_145a0.dir/CheckIncludeFile.c.o
/usr/bin/cc    -o CMakeFiles/cmTC_145a0.dir/CheckIncludeFile.c.o   -c /home/zhbit/zhbit_vision-v1.1/Zhbit_Vision_Aim/Buff/lib/fftw-3.3.10/build/CMakeFiles/CMakeTmp/CheckIncludeFile.c
/home/zhbit/zhbit_vision-v1.1/Zhbit_Vision_Aim/Buff/lib/fftw-3.3.10/build/CMakeFiles/CMakeTmp/CheckIncludeFile.c:1:10: fatal error: intrinsics.h: 没有那个文件或目录
 #include <intrinsics.h>
          ^~~~~~~~~~~~~~
compilation terminated.
CMakeFiles/cmTC_145a0.dir/build.make:65: recipe for target 'CMakeFiles/cmTC_145a0.dir/CheckIncludeFile.c.o' failed
make[1]: *** [CMakeFiles/cmTC_145a0.dir/CheckIncludeFile.c.o] Error 1
make[1]: 离开目录“/home/zhbit/zhbit_vision-v1.1/Zhbit_Vision_Aim/Buff/lib/fftw-3.3.10/build/CMakeFiles/CMakeTmp”
Makefile:126: recipe for target 'cmTC_145a0/fast' failed
make: *** [cmTC_145a0/fast] Error 2


Determining if the include file mach/mach_time.h exists failed with the following output:
Change Dir: /home/zhbit/zhbit_vision-v1.1/Zhbit_Vision_Aim/Buff/lib/fftw-3.3.10/build/CMakeFiles/CMakeTmp

Run Build Command:"/usr/bin/make" "cmTC_308e6/fast"
/usr/bin/make -f CMakeFiles/cmTC_308e6.dir/build.make CMakeFiles/cmTC_308e6.dir/build
make[1]: 进入目录“/home/zhbit/zhbit_vision-v1.1/Zhbit_Vision_Aim/Buff/lib/fftw-3.3.10/build/CMakeFiles/CMakeTmp”
Building C object CMakeFiles/cmTC_308e6.dir/CheckIncludeFile.c.o
/usr/bin/cc    -o CMakeFiles/cmTC_308e6.dir/CheckIncludeFile.c.o   -c /home/zhbit/zhbit_vision-v1.1/Zhbit_Vision_Aim/Buff/lib/fftw-3.3.10/build/CMakeFiles/CMakeTmp/CheckIncludeFile.c
/home/zhbit/zhbit_vision-v1.1/Zhbit_Vision_Aim/Buff/lib/fftw-3.3.10/build/CMakeFiles/CMakeTmp/CheckIncludeFile.c:1:10: fatal error: mach/mach_time.h: 没有那个文件或目录
 #include <mach/mach_time.h>
          ^~~~~~~~~~~~~~~~~~
compilation terminated.
CMakeFiles/cmTC_308e6.dir/build.make:65: recipe for target 'CMakeFiles/cmTC_308e6.dir/CheckIncludeFile.c.o' failed
make[1]: *** [CMakeFiles/cmTC_308e6.dir/CheckIncludeFile.c.o] Error 1
make[1]: 离开目录“/home/zhbit/zhbit_vision-v1.1/Zhbit_Vision_Aim/Buff/lib/fftw-3.3.10/build/CMakeFiles/CMakeTmp”
Makefile:126: recipe for target 'cmTC_308e6/fast' failed
make: *** [cmTC_308e6/fast] Error 2


Determining if the include file uintptr.h exists failed with the following output:
Change Dir: /home/zhbit/zhbit_vision-v1.1/Zhbit_Vision_Aim/Buff/lib/fftw-3.3.10/build/CMakeFiles/CMakeTmp

Run Build Command:"/usr/bin/make" "cmTC_d135c/fast"
/usr/bin/make -f CMakeFiles/cmTC_d135c.dir/build.make CMakeFiles/cmTC_d135c.dir/build
make[1]: 进入目录“/home/zhbit/zhbit_vision-v1.1/Zhbit_Vision_Aim/Buff/lib/fftw-3.3.10/build/CMakeFiles/CMakeTmp”
Building C object CMakeFiles/cmTC_d135c.dir/CheckIncludeFile.c.o
/usr/bin/cc    -o CMakeFiles/cmTC_d135c.dir/CheckIncludeFile.c.o   -c /home/zhbit/zhbit_vision-v1.1/Zhbit_Vision_Aim/Buff/lib/fftw-3.3.10/build/CMakeFiles/CMakeTmp/CheckIncludeFile.c
/home/zhbit/zhbit_vision-v1.1/Zhbit_Vision_Aim/Buff/lib/fftw-3.3.10/build/CMakeFiles/CMakeTmp/CheckIncludeFile.c:1:10: fatal error: uintptr.h: 没有那个文件或目录
 #include <uintptr.h>
          ^~~~~~~~~~~
compilation terminated.
CMakeFiles/cmTC_d135c.dir/build.make:65: recipe for target 'CMakeFiles/cmTC_d135c.dir/CheckIncludeFile.c.o' failed
make[1]: *** [CMakeFiles/cmTC_d135c.dir/CheckIncludeFile.c.o] Error 1
make[1]: 离开目录“/home/zhbit/zhbit_vision-v1.1/Zhbit_Vision_Aim/Buff/lib/fftw-3.3.10/build/CMakeFiles/CMakeTmp”
Makefile:126: recipe for target 'cmTC_d135c/fast' failed
make: *** [cmTC_d135c/fast] Error 2


Determining if the mach_absolute_time exist failed with the following output:
Change Dir: /home/zhbit/zhbit_vision-v1.1/Zhbit_Vision_Aim/Buff/lib/fftw-3.3.10/build/CMakeFiles/CMakeTmp

Run Build Command:"/usr/bin/make" "cmTC_55af1/fast"
/usr/bin/make -f CMakeFiles/cmTC_55af1.dir/build.make CMakeFiles/cmTC_55af1.dir/build
make[1]: 进入目录“/home/zhbit/zhbit_vision-v1.1/Zhbit_Vision_Aim/Buff/lib/fftw-3.3.10/build/CMakeFiles/CMakeTmp”
Building C object CMakeFiles/cmTC_55af1.dir/CheckSymbolExists.c.o
/usr/bin/cc    -o CMakeFiles/cmTC_55af1.dir/CheckSymbolExists.c.o   -c /home/zhbit/zhbit_vision-v1.1/Zhbit_Vision_Aim/Buff/lib/fftw-3.3.10/build/CMakeFiles/CMakeTmp/CheckSymbolExists.c
/home/zhbit/zhbit_vision-v1.1/Zhbit_Vision_Aim/Buff/lib/fftw-3.3.10/build/CMakeFiles/CMakeTmp/CheckSymbolExists.c:2:10: fatal error: mach/mach_time.h: 没有那个文件或目录
 #include <mach/mach_time.h>
          ^~~~~~~~~~~~~~~~~~
compilation terminated.
CMakeFiles/cmTC_55af1.dir/build.make:65: recipe for target 'CMakeFiles/cmTC_55af1.dir/CheckSymbolExists.c.o' failed
make[1]: *** [CMakeFiles/cmTC_55af1.dir/CheckSymbolExists.c.o] Error 1
make[1]: 离开目录“/home/zhbit/zhbit_vision-v1.1/Zhbit_Vision_Aim/Buff/lib/fftw-3.3.10/build/CMakeFiles/CMakeTmp”
Makefile:126: recipe for target 'cmTC_55af1/fast' failed
make: *** [cmTC_55af1/fast] Error 2

File /home/zhbit/zhbit_vision-v1.1/Zhbit_Vision_Aim/Buff/lib/fftw-3.3.10/build/CMakeFiles/CMakeTmp/CheckSymbolExists.c:
/* */
#include <mach/mach_time.h>

int main(int argc, char** argv)
{
  (void)argv;
#ifndef mach_absolute_time
  return ((int*)(&mach_absolute_time))[argc];
#else
  (void)argc;
  return 0;
#endif
}

Determining if the sysctl exist failed with the following output:
Change Dir: /home/zhbit/zhbit_vision-v1.1/Zhbit_Vision_Aim/Buff/lib/fftw-3.3.10/build/CMakeFiles/CMakeTmp

Run Build Command:"/usr/bin/make" "cmTC_8fc3c/fast"
/usr/bin/make -f CMakeFiles/cmTC_8fc3c.dir/build.make CMakeFiles/cmTC_8fc3c.dir/build
make[1]: 进入目录“/home/zhbit/zhbit_vision-v1.1/Zhbit_Vision_Aim/Buff/lib/fftw-3.3.10/build/CMakeFiles/CMakeTmp”
Building C object CMakeFiles/cmTC_8fc3c.dir/CheckSymbolExists.c.o
/usr/bin/cc    -o CMakeFiles/cmTC_8fc3c.dir/CheckSymbolExists.c.o   -c /home/zhbit/zhbit_vision-v1.1/Zhbit_Vision_Aim/Buff/lib/fftw-3.3.10/build/CMakeFiles/CMakeTmp/CheckSymbolExists.c
/home/zhbit/zhbit_vision-v1.1/Zhbit_Vision_Aim/Buff/lib/fftw-3.3.10/build/CMakeFiles/CMakeTmp/CheckSymbolExists.c: In function ‘main’:
/home/zhbit/zhbit_vision-v1.1/Zhbit_Vision_Aim/Buff/lib/fftw-3.3.10/build/CMakeFiles/CMakeTmp/CheckSymbolExists.c:8:19: error: ‘sysctl’ undeclared (first use in this function); did you mean ‘syscall’?
   return ((int*)(&sysctl))[argc];
                   ^~~~~~
                   syscall
/home/zhbit/zhbit_vision-v1.1/Zhbit_Vision_Aim/Buff/lib/fftw-3.3.10/build/CMakeFiles/CMakeTmp/CheckSymbolExists.c:8:19: note: each undeclared identifier is reported only once for each function it appears in
CMakeFiles/cmTC_8fc3c.dir/build.make:65: recipe for target 'CMakeFiles/cmTC_8fc3c.dir/CheckSymbolExists.c.o' failed
make[1]: *** [CMakeFiles/cmTC_8fc3c.dir/CheckSymbolExists.c.o] Error 1
make[1]: 离开目录“/home/zhbit/zhbit_vision-v1.1/Zhbit_Vision_Aim/Buff/lib/fftw-3.3.10/build/CMakeFiles/CMakeTmp”
Makefile:126: recipe for target 'cmTC_8fc3c/fast' failed
make: *** [cmTC_8fc3c/fast] Error 2

File /home/zhbit/zhbit_vision-v1.1/Zhbit_Vision_Aim/Buff/lib/fftw-3.3.10/build/CMakeFiles/CMakeTmp/CheckSymbolExists.c:
/* */
#include <unistd.h>

int main(int argc, char** argv)
{
  (void)argv;
#ifndef sysctl
  return ((int*)(&sysctl))[argc];
#else
  (void)argc;
  return 0;
#endif
}

