The system is: Linux - 5.4.0-122-generic - x86_64
Compiling the C compiler identification source file "CMakeCCompilerId.c" succeeded.
Compiler: /usr/bin/cc 
Build flags: 
Id flags:  

The output was:
0


Compilation of the C compiler identification source "CMakeCCompilerId.c" produced "a.out"

The C compiler identification is GNU, found in "/home/zhbit/zhbit_vision-v1.1/Zhbit_Vision_Aim/Buff/lib/fftw-3.3.10/build/CMakeFiles/3.10.2/CompilerIdC/a.out"

Compiling the CXX compiler identification source file "CMakeCXXCompilerId.cpp" succeeded.
Compiler: /usr/bin/c++ 
Build flags: 
Id flags:  

The output was:
0


Compilation of the CXX compiler identification source "CMakeCXXCompilerId.cpp" produced "a.out"

The CXX compiler identification is GNU, found in "/home/zhbit/zhbit_vision-v1.1/Zhbit_Vision_Aim/Buff/lib/fftw-3.3.10/build/CMakeFiles/3.10.2/CompilerIdCXX/a.out"

Determining if the C compiler works passed with the following output:
Change Dir: /home/zhbit/zhbit_vision-v1.1/Zhbit_Vision_Aim/Buff/lib/fftw-3.3.10/build/CMakeFiles/CMakeTmp

Run Build Command:"/usr/bin/make" "cmTC_20b40/fast"
/usr/bin/make -f CMakeFiles/cmTC_20b40.dir/build.make CMakeFiles/cmTC_20b40.dir/build
make[1]: 进入目录“/home/zhbit/zhbit_vision-v1.1/Zhbit_Vision_Aim/Buff/lib/fftw-3.3.10/build/CMakeFiles/CMakeTmp”
Building C object CMakeFiles/cmTC_20b40.dir/testCCompiler.c.o
/usr/bin/cc    -o CMakeFiles/cmTC_20b40.dir/testCCompiler.c.o   -c /home/zhbit/zhbit_vision-v1.1/Zhbit_Vision_Aim/Buff/lib/fftw-3.3.10/build/CMakeFiles/CMakeTmp/testCCompiler.c
Linking C executable cmTC_20b40
/usr/bin/cmake -E cmake_link_script CMakeFiles/cmTC_20b40.dir/link.txt --verbose=1
/usr/bin/cc      -rdynamic CMakeFiles/cmTC_20b40.dir/testCCompiler.c.o  -o cmTC_20b40 
make[1]: 离开目录“/home/zhbit/zhbit_vision-v1.1/Zhbit_Vision_Aim/Buff/lib/fftw-3.3.10/build/CMakeFiles/CMakeTmp”


Detecting C compiler ABI info compiled with the following output:
Change Dir: /home/zhbit/zhbit_vision-v1.1/Zhbit_Vision_Aim/Buff/lib/fftw-3.3.10/build/CMakeFiles/CMakeTmp

Run Build Command:"/usr/bin/make" "cmTC_5d1fb/fast"
/usr/bin/make -f CMakeFiles/cmTC_5d1fb.dir/build.make CMakeFiles/cmTC_5d1fb.dir/build
make[1]: 进入目录“/home/zhbit/zhbit_vision-v1.1/Zhbit_Vision_Aim/Buff/lib/fftw-3.3.10/build/CMakeFiles/CMakeTmp”
Building C object CMakeFiles/cmTC_5d1fb.dir/CMakeCCompilerABI.c.o
/usr/bin/cc    -o CMakeFiles/cmTC_5d1fb.dir/CMakeCCompilerABI.c.o   -c /usr/share/cmake-3.10/Modules/CMakeCCompilerABI.c
Linking C executable cmTC_5d1fb
/usr/bin/cmake -E cmake_link_script CMakeFiles/cmTC_5d1fb.dir/link.txt --verbose=1
/usr/bin/cc     -v -rdynamic CMakeFiles/cmTC_5d1fb.dir/CMakeCCompilerABI.c.o  -o cmTC_5d1fb 
Using built-in specs.
COLLECT_GCC=/usr/bin/cc
COLLECT_LTO_WRAPPER=/usr/lib/gcc/x86_64-linux-gnu/7/lto-wrapper
OFFLOAD_TARGET_NAMES=nvptx-none
OFFLOAD_TARGET_DEFAULT=1
Target: x86_64-linux-gnu
Configured with: ../src/configure -v --with-pkgversion='Ubuntu 7.5.0-3ubuntu1~18.04' --with-bugurl=file:///usr/share/doc/gcc-7/README.Bugs --enable-languages=c,ada,c++,go,brig,d,fortran,objc,obj-c++ --prefix=/usr --with-gcc-major-version-only --program-suffix=-7 --program-prefix=x86_64-linux-gnu- --enable-shared --enable-linker-build-id --libexecdir=/usr/lib --without-included-gettext --enable-threads=posix --libdir=/usr/lib --enable-nls --enable-bootstrap --enable-clocale=gnu --enable-libstdcxx-debug --enable-libstdcxx-time=yes --with-default-libstdcxx-abi=new --enable-gnu-unique-object --disable-vtable-verify --enable-libmpx --enable-plugin --enable-default-pie --with-system-zlib --with-target-system-zlib --enable-objc-gc=auto --enable-multiarch --disable-werror --with-arch-32=i686 --with-abi=m64 --with-multilib-list=m32,m64,mx32 --enable-multilib --with-tune=generic --enable-offload-targets=nvptx-none --without-cuda-driver --enable-checking=release --build=x86_64-linux-gnu --host=x86_64-linux-gnu --target=x86_64-linux-gnu
Thread model: posix
gcc version 7.5.0 (Ubuntu 7.5.0-3ubuntu1~18.04) 
COMPILER_PATH=/usr/lib/gcc/x86_64-linux-gnu/7/:/usr/lib/gcc/x86_64-linux-gnu/7/:/usr/lib/gcc/x86_64-linux-gnu/:/usr/lib/gcc/x86_64-linux-gnu/7/:/usr/lib/gcc/x86_64-linux-gnu/
LIBRARY_PATH=/usr/lib/gcc/x86_64-linux-gnu/7/:/usr/lib/gcc/x86_64-linux-gnu/7/../../../x86_64-linux-gnu/:/usr/lib/gcc/x86_64-linux-gnu/7/../../../../lib/:/lib/x86_64-linux-gnu/:/lib/../lib/:/usr/lib/x86_64-linux-gnu/:/usr/lib/../lib/:/usr/lib/gcc/x86_64-linux-gnu/7/../../../:/lib/:/usr/lib/
COLLECT_GCC_OPTIONS='-v' '-rdynamic' '-o' 'cmTC_5d1fb' '-mtune=generic' '-march=x86-64'
 /usr/lib/gcc/x86_64-linux-gnu/7/collect2 -plugin /usr/lib/gcc/x86_64-linux-gnu/7/liblto_plugin.so -plugin-opt=/usr/lib/gcc/x86_64-linux-gnu/7/lto-wrapper -plugin-opt=-fresolution=/tmp/ccCiFcPA.res -plugin-opt=-pass-through=-lgcc -plugin-opt=-pass-through=-lgcc_s -plugin-opt=-pass-through=-lc -plugin-opt=-pass-through=-lgcc -plugin-opt=-pass-through=-lgcc_s --build-id --eh-frame-hdr -m elf_x86_64 --hash-style=gnu --as-needed -export-dynamic -dynamic-linker /lib64/ld-linux-x86-64.so.2 -pie -z now -z relro -o cmTC_5d1fb /usr/lib/gcc/x86_64-linux-gnu/7/../../../x86_64-linux-gnu/Scrt1.o /usr/lib/gcc/x86_64-linux-gnu/7/../../../x86_64-linux-gnu/crti.o /usr/lib/gcc/x86_64-linux-gnu/7/crtbeginS.o -L/usr/lib/gcc/x86_64-linux-gnu/7 -L/usr/lib/gcc/x86_64-linux-gnu/7/../../../x86_64-linux-gnu -L/usr/lib/gcc/x86_64-linux-gnu/7/../../../../lib -L/lib/x86_64-linux-gnu -L/lib/../lib -L/usr/lib/x86_64-linux-gnu -L/usr/lib/../lib -L/usr/lib/gcc/x86_64-linux-gnu/7/../../.. CMakeFiles/cmTC_5d1fb.dir/CMakeCCompilerABI.c.o -lgcc --push-state --as-needed -lgcc_s --pop-state -lc -lgcc --push-state --as-needed -lgcc_s --pop-state /usr/lib/gcc/x86_64-linux-gnu/7/crtendS.o /usr/lib/gcc/x86_64-linux-gnu/7/../../../x86_64-linux-gnu/crtn.o
COLLECT_GCC_OPTIONS='-v' '-rdynamic' '-o' 'cmTC_5d1fb' '-mtune=generic' '-march=x86-64'
make[1]: 离开目录“/home/zhbit/zhbit_vision-v1.1/Zhbit_Vision_Aim/Buff/lib/fftw-3.3.10/build/CMakeFiles/CMakeTmp”


Parsed C implicit link information from above output:
  link line regex: [^( *|.*[/\])(ld|CMAKE_LINK_STARTFILE-NOTFOUND|([^/\]+-)?ld|collect2)[^/\]*( |$)]
  ignore line: [Change Dir: /home/zhbit/zhbit_vision-v1.1/Zhbit_Vision_Aim/Buff/lib/fftw-3.3.10/build/CMakeFiles/CMakeTmp]
  ignore line: []
  ignore line: [Run Build Command:"/usr/bin/make" "cmTC_5d1fb/fast"]
  ignore line: [/usr/bin/make -f CMakeFiles/cmTC_5d1fb.dir/build.make CMakeFiles/cmTC_5d1fb.dir/build]
  ignore line: [make[1]: 进入目录“/home/zhbit/zhbit_vision-v1.1/Zhbit_Vision_Aim/Buff/lib/fftw-3.3.10/build/CMakeFiles/CMakeTmp”]
  ignore line: [Building C object CMakeFiles/cmTC_5d1fb.dir/CMakeCCompilerABI.c.o]
  ignore line: [/usr/bin/cc    -o CMakeFiles/cmTC_5d1fb.dir/CMakeCCompilerABI.c.o   -c /usr/share/cmake-3.10/Modules/CMakeCCompilerABI.c]
  ignore line: [Linking C executable cmTC_5d1fb]
  ignore line: [/usr/bin/cmake -E cmake_link_script CMakeFiles/cmTC_5d1fb.dir/link.txt --verbose=1]
  ignore line: [/usr/bin/cc     -v -rdynamic CMakeFiles/cmTC_5d1fb.dir/CMakeCCompilerABI.c.o  -o cmTC_5d1fb ]
  ignore line: [Using built-in specs.]
  ignore line: [COLLECT_GCC=/usr/bin/cc]
  ignore line: [COLLECT_LTO_WRAPPER=/usr/lib/gcc/x86_64-linux-gnu/7/lto-wrapper]
  ignore line: [OFFLOAD_TARGET_NAMES=nvptx-none]
  ignore line: [OFFLOAD_TARGET_DEFAULT=1]
  ignore line: [Target: x86_64-linux-gnu]
  ignore line: [Configured with: ../src/configure -v --with-pkgversion='Ubuntu 7.5.0-3ubuntu1~18.04' --with-bugurl=file:///usr/share/doc/gcc-7/README.Bugs --enable-languages=c,ada,c++,go,brig,d,fortran,objc,obj-c++ --prefix=/usr --with-gcc-major-version-only --program-suffix=-7 --program-prefix=x86_64-linux-gnu- --enable-shared --enable-linker-build-id --libexecdir=/usr/lib --without-included-gettext --enable-threads=posix --libdir=/usr/lib --enable-nls --enable-bootstrap --enable-clocale=gnu --enable-libstdcxx-debug --enable-libstdcxx-time=yes --with-default-libstdcxx-abi=new --enable-gnu-unique-object --disable-vtable-verify --enable-libmpx --enable-plugin --enable-default-pie --with-system-zlib --with-target-system-zlib --enable-objc-gc=auto --enable-multiarch --disable-werror --with-arch-32=i686 --with-abi=m64 --with-multilib-list=m32,m64,mx32 --enable-multilib --with-tune=generic --enable-offload-targets=nvptx-none --without-cuda-driver --enable-checking=release --build=x86_64-linux-gnu --host=x86_64-linux-gnu --target=x86_64-linux-gnu]
  ignore line: [Thread model: posix]
  ignore line: [gcc version 7.5.0 (Ubuntu 7.5.0-3ubuntu1~18.04) ]
  ignore line: [COMPILER_PATH=/usr/lib/gcc/x86_64-linux-gnu/7/:/usr/lib/gcc/x86_64-linux-gnu/7/:/usr/lib/gcc/x86_64-linux-gnu/:/usr/lib/gcc/x86_64-linux-gnu/7/:/usr/lib/gcc/x86_64-linux-gnu/]
  ignore line: [LIBRARY_PATH=/usr/lib/gcc/x86_64-linux-gnu/7/:/usr/lib/gcc/x86_64-linux-gnu/7/../../../x86_64-linux-gnu/:/usr/lib/gcc/x86_64-linux-gnu/7/../../../../lib/:/lib/x86_64-linux-gnu/:/lib/../lib/:/usr/lib/x86_64-linux-gnu/:/usr/lib/../lib/:/usr/lib/gcc/x86_64-linux-gnu/7/../../../:/lib/:/usr/lib/]
  ignore line: [COLLECT_GCC_OPTIONS='-v' '-rdynamic' '-o' 'cmTC_5d1fb' '-mtune=generic' '-march=x86-64']
  link line: [ /usr/lib/gcc/x86_64-linux-gnu/7/collect2 -plugin /usr/lib/gcc/x86_64-linux-gnu/7/liblto_plugin.so -plugin-opt=/usr/lib/gcc/x86_64-linux-gnu/7/lto-wrapper -plugin-opt=-fresolution=/tmp/ccCiFcPA.res -plugin-opt=-pass-through=-lgcc -plugin-opt=-pass-through=-lgcc_s -plugin-opt=-pass-through=-lc -plugin-opt=-pass-through=-lgcc -plugin-opt=-pass-through=-lgcc_s --build-id --eh-frame-hdr -m elf_x86_64 --hash-style=gnu --as-needed -export-dynamic -dynamic-linker /lib64/ld-linux-x86-64.so.2 -pie -z now -z relro -o cmTC_5d1fb /usr/lib/gcc/x86_64-linux-gnu/7/../../../x86_64-linux-gnu/Scrt1.o /usr/lib/gcc/x86_64-linux-gnu/7/../../../x86_64-linux-gnu/crti.o /usr/lib/gcc/x86_64-linux-gnu/7/crtbeginS.o -L/usr/lib/gcc/x86_64-linux-gnu/7 -L/usr/lib/gcc/x86_64-linux-gnu/7/../../../x86_64-linux-gnu -L/usr/lib/gcc/x86_64-linux-gnu/7/../../../../lib -L/lib/x86_64-linux-gnu -L/lib/../lib -L/usr/lib/x86_64-linux-gnu -L/usr/lib/../lib -L/usr/lib/gcc/x86_64-linux-gnu/7/../../.. CMakeFiles/cmTC_5d1fb.dir/CMakeCCompilerABI.c.o -lgcc --push-state --as-needed -lgcc_s --pop-state -lc -lgcc --push-state --as-needed -lgcc_s --pop-state /usr/lib/gcc/x86_64-linux-gnu/7/crtendS.o /usr/lib/gcc/x86_64-linux-gnu/7/../../../x86_64-linux-gnu/crtn.o]
    arg [/usr/lib/gcc/x86_64-linux-gnu/7/collect2] ==> ignore
    arg [-plugin] ==> ignore
    arg [/usr/lib/gcc/x86_64-linux-gnu/7/liblto_plugin.so] ==> ignore
    arg [-plugin-opt=/usr/lib/gcc/x86_64-linux-gnu/7/lto-wrapper] ==> ignore
    arg [-plugin-opt=-fresolution=/tmp/ccCiFcPA.res] ==> ignore
    arg [-plugin-opt=-pass-through=-lgcc] ==> ignore
    arg [-plugin-opt=-pass-through=-lgcc_s] ==> ignore
    arg [-plugin-opt=-pass-through=-lc] ==> ignore
    arg [-plugin-opt=-pass-through=-lgcc] ==> ignore
    arg [-plugin-opt=-pass-through=-lgcc_s] ==> ignore
    arg [--build-id] ==> ignore
    arg [--eh-frame-hdr] ==> ignore
    arg [-m] ==> ignore
    arg [elf_x86_64] ==> ignore
    arg [--hash-style=gnu] ==> ignore
    arg [--as-needed] ==> ignore
    arg [-export-dynamic] ==> ignore
    arg [-dynamic-linker] ==> ignore
    arg [/lib64/ld-linux-x86-64.so.2] ==> ignore
    arg [-pie] ==> ignore
    arg [-znow] ==> ignore
    arg [-zrelro] ==> ignore
    arg [-o] ==> ignore
    arg [cmTC_5d1fb] ==> ignore
    arg [/usr/lib/gcc/x86_64-linux-gnu/7/../../../x86_64-linux-gnu/Scrt1.o] ==> ignore
    arg [/usr/lib/gcc/x86_64-linux-gnu/7/../../../x86_64-linux-gnu/crti.o] ==> ignore
    arg [/usr/lib/gcc/x86_64-linux-gnu/7/crtbeginS.o] ==> ignore
    arg [-L/usr/lib/gcc/x86_64-linux-gnu/7] ==> dir [/usr/lib/gcc/x86_64-linux-gnu/7]
    arg [-L/usr/lib/gcc/x86_64-linux-gnu/7/../../../x86_64-linux-gnu] ==> dir [/usr/lib/gcc/x86_64-linux-gnu/7/../../../x86_64-linux-gnu]
    arg [-L/usr/lib/gcc/x86_64-linux-gnu/7/../../../../lib] ==> dir [/usr/lib/gcc/x86_64-linux-gnu/7/../../../../lib]
    arg [-L/lib/x86_64-linux-gnu] ==> dir [/lib/x86_64-linux-gnu]
    arg [-L/lib/../lib] ==> dir [/lib/../lib]
    arg [-L/usr/lib/x86_64-linux-gnu] ==> dir [/usr/lib/x86_64-linux-gnu]
    arg [-L/usr/lib/../lib] ==> dir [/usr/lib/../lib]
    arg [-L/usr/lib/gcc/x86_64-linux-gnu/7/../../..] ==> dir [/usr/lib/gcc/x86_64-linux-gnu/7/../../..]
    arg [CMakeFiles/cmTC_5d1fb.dir/CMakeCCompilerABI.c.o] ==> ignore
    arg [-lgcc] ==> lib [gcc]
    arg [--push-state] ==> ignore
    arg [--as-needed] ==> ignore
    arg [-lgcc_s] ==> lib [gcc_s]
    arg [--pop-state] ==> ignore
    arg [-lc] ==> lib [c]
    arg [-lgcc] ==> lib [gcc]
    arg [--push-state] ==> ignore
    arg [--as-needed] ==> ignore
    arg [-lgcc_s] ==> lib [gcc_s]
    arg [--pop-state] ==> ignore
    arg [/usr/lib/gcc/x86_64-linux-gnu/7/crtendS.o] ==> ignore
    arg [/usr/lib/gcc/x86_64-linux-gnu/7/../../../x86_64-linux-gnu/crtn.o] ==> ignore
  collapse library dir [/usr/lib/gcc/x86_64-linux-gnu/7] ==> [/usr/lib/gcc/x86_64-linux-gnu/7]
  collapse library dir [/usr/lib/gcc/x86_64-linux-gnu/7/../../../x86_64-linux-gnu] ==> [/usr/lib/x86_64-linux-gnu]
  collapse library dir [/usr/lib/gcc/x86_64-linux-gnu/7/../../../../lib] ==> [/usr/lib]
  collapse library dir [/lib/x86_64-linux-gnu] ==> [/lib/x86_64-linux-gnu]
  collapse library dir [/lib/../lib] ==> [/lib]
  collapse library dir [/usr/lib/x86_64-linux-gnu] ==> [/usr/lib/x86_64-linux-gnu]
  collapse library dir [/usr/lib/../lib] ==> [/usr/lib]
  collapse library dir [/usr/lib/gcc/x86_64-linux-gnu/7/../../..] ==> [/usr/lib]
  implicit libs: [gcc;gcc_s;c;gcc;gcc_s]
  implicit dirs: [/usr/lib/gcc/x86_64-linux-gnu/7;/usr/lib/x86_64-linux-gnu;/usr/lib;/lib/x86_64-linux-gnu;/lib]
  implicit fwks: []




Detecting C [-std=c11] compiler features compiled with the following output:
Change Dir: /home/zhbit/zhbit_vision-v1.1/Zhbit_Vision_Aim/Buff/lib/fftw-3.3.10/build/CMakeFiles/CMakeTmp

Run Build Command:"/usr/bin/make" "cmTC_28d4c/fast"
/usr/bin/make -f CMakeFiles/cmTC_28d4c.dir/build.make CMakeFiles/cmTC_28d4c.dir/build
make[1]: 进入目录“/home/zhbit/zhbit_vision-v1.1/Zhbit_Vision_Aim/Buff/lib/fftw-3.3.10/build/CMakeFiles/CMakeTmp”
Building C object CMakeFiles/cmTC_28d4c.dir/feature_tests.c.o
/usr/bin/cc   -std=c11 -o CMakeFiles/cmTC_28d4c.dir/feature_tests.c.o   -c /home/zhbit/zhbit_vision-v1.1/Zhbit_Vision_Aim/Buff/lib/fftw-3.3.10/build/CMakeFiles/feature_tests.c
Linking C executable cmTC_28d4c
/usr/bin/cmake -E cmake_link_script CMakeFiles/cmTC_28d4c.dir/link.txt --verbose=1
/usr/bin/cc      -rdynamic CMakeFiles/cmTC_28d4c.dir/feature_tests.c.o  -o cmTC_28d4c 
make[1]: 离开目录“/home/zhbit/zhbit_vision-v1.1/Zhbit_Vision_Aim/Buff/lib/fftw-3.3.10/build/CMakeFiles/CMakeTmp”


    Feature record: C_FEATURE:1c_function_prototypes
    Feature record: C_FEATURE:1c_restrict
    Feature record: C_FEATURE:1c_static_assert
    Feature record: C_FEATURE:1c_variadic_macros


Detecting C [-std=c99] compiler features compiled with the following output:
Change Dir: /home/zhbit/zhbit_vision-v1.1/Zhbit_Vision_Aim/Buff/lib/fftw-3.3.10/build/CMakeFiles/CMakeTmp

Run Build Command:"/usr/bin/make" "cmTC_80c2b/fast"
/usr/bin/make -f CMakeFiles/cmTC_80c2b.dir/build.make CMakeFiles/cmTC_80c2b.dir/build
make[1]: 进入目录“/home/zhbit/zhbit_vision-v1.1/Zhbit_Vision_Aim/Buff/lib/fftw-3.3.10/build/CMakeFiles/CMakeTmp”
Building C object CMakeFiles/cmTC_80c2b.dir/feature_tests.c.o
/usr/bin/cc   -std=c99 -o CMakeFiles/cmTC_80c2b.dir/feature_tests.c.o   -c /home/zhbit/zhbit_vision-v1.1/Zhbit_Vision_Aim/Buff/lib/fftw-3.3.10/build/CMakeFiles/feature_tests.c
Linking C executable cmTC_80c2b
/usr/bin/cmake -E cmake_link_script CMakeFiles/cmTC_80c2b.dir/link.txt --verbose=1
/usr/bin/cc      -rdynamic CMakeFiles/cmTC_80c2b.dir/feature_tests.c.o  -o cmTC_80c2b 
make[1]: 离开目录“/home/zhbit/zhbit_vision-v1.1/Zhbit_Vision_Aim/Buff/lib/fftw-3.3.10/build/CMakeFiles/CMakeTmp”


    Feature record: C_FEATURE:1c_function_prototypes
    Feature record: C_FEATURE:1c_restrict
    Feature record: C_FEATURE:0c_static_assert
    Feature record: C_FEATURE:1c_variadic_macros


Detecting C [-std=c90] compiler features compiled with the following output:
Change Dir: /home/zhbit/zhbit_vision-v1.1/Zhbit_Vision_Aim/Buff/lib/fftw-3.3.10/build/CMakeFiles/CMakeTmp

Run Build Command:"/usr/bin/make" "cmTC_bf851/fast"
/usr/bin/make -f CMakeFiles/cmTC_bf851.dir/build.make CMakeFiles/cmTC_bf851.dir/build
make[1]: 进入目录“/home/zhbit/zhbit_vision-v1.1/Zhbit_Vision_Aim/Buff/lib/fftw-3.3.10/build/CMakeFiles/CMakeTmp”
Building C object CMakeFiles/cmTC_bf851.dir/feature_tests.c.o
/usr/bin/cc   -std=c90 -o CMakeFiles/cmTC_bf851.dir/feature_tests.c.o   -c /home/zhbit/zhbit_vision-v1.1/Zhbit_Vision_Aim/Buff/lib/fftw-3.3.10/build/CMakeFiles/feature_tests.c
Linking C executable cmTC_bf851
/usr/bin/cmake -E cmake_link_script CMakeFiles/cmTC_bf851.dir/link.txt --verbose=1
/usr/bin/cc      -rdynamic CMakeFiles/cmTC_bf851.dir/feature_tests.c.o  -o cmTC_bf851 
make[1]: 离开目录“/home/zhbit/zhbit_vision-v1.1/Zhbit_Vision_Aim/Buff/lib/fftw-3.3.10/build/CMakeFiles/CMakeTmp”


    Feature record: C_FEATURE:1c_function_prototypes
    Feature record: C_FEATURE:0c_restrict
    Feature record: C_FEATURE:0c_static_assert
    Feature record: C_FEATURE:0c_variadic_macros
Determining if the CXX compiler works passed with the following output:
Change Dir: /home/zhbit/zhbit_vision-v1.1/Zhbit_Vision_Aim/Buff/lib/fftw-3.3.10/build/CMakeFiles/CMakeTmp

Run Build Command:"/usr/bin/make" "cmTC_26936/fast"
/usr/bin/make -f CMakeFiles/cmTC_26936.dir/build.make CMakeFiles/cmTC_26936.dir/build
make[1]: 进入目录“/home/zhbit/zhbit_vision-v1.1/Zhbit_Vision_Aim/Buff/lib/fftw-3.3.10/build/CMakeFiles/CMakeTmp”
Building CXX object CMakeFiles/cmTC_26936.dir/testCXXCompiler.cxx.o
/usr/bin/c++     -o CMakeFiles/cmTC_26936.dir/testCXXCompiler.cxx.o -c /home/zhbit/zhbit_vision-v1.1/Zhbit_Vision_Aim/Buff/lib/fftw-3.3.10/build/CMakeFiles/CMakeTmp/testCXXCompiler.cxx
Linking CXX executable cmTC_26936
/usr/bin/cmake -E cmake_link_script CMakeFiles/cmTC_26936.dir/link.txt --verbose=1
/usr/bin/c++       -rdynamic CMakeFiles/cmTC_26936.dir/testCXXCompiler.cxx.o  -o cmTC_26936 
make[1]: 离开目录“/home/zhbit/zhbit_vision-v1.1/Zhbit_Vision_Aim/Buff/lib/fftw-3.3.10/build/CMakeFiles/CMakeTmp”


Detecting CXX compiler ABI info compiled with the following output:
Change Dir: /home/zhbit/zhbit_vision-v1.1/Zhbit_Vision_Aim/Buff/lib/fftw-3.3.10/build/CMakeFiles/CMakeTmp

Run Build Command:"/usr/bin/make" "cmTC_21ec9/fast"
/usr/bin/make -f CMakeFiles/cmTC_21ec9.dir/build.make CMakeFiles/cmTC_21ec9.dir/build
make[1]: 进入目录“/home/zhbit/zhbit_vision-v1.1/Zhbit_Vision_Aim/Buff/lib/fftw-3.3.10/build/CMakeFiles/CMakeTmp”
Building CXX object CMakeFiles/cmTC_21ec9.dir/CMakeCXXCompilerABI.cpp.o
/usr/bin/c++     -o CMakeFiles/cmTC_21ec9.dir/CMakeCXXCompilerABI.cpp.o -c /usr/share/cmake-3.10/Modules/CMakeCXXCompilerABI.cpp
Linking CXX executable cmTC_21ec9
/usr/bin/cmake -E cmake_link_script CMakeFiles/cmTC_21ec9.dir/link.txt --verbose=1
/usr/bin/c++      -v -rdynamic CMakeFiles/cmTC_21ec9.dir/CMakeCXXCompilerABI.cpp.o  -o cmTC_21ec9 
Using built-in specs.
COLLECT_GCC=/usr/bin/c++
COLLECT_LTO_WRAPPER=/usr/lib/gcc/x86_64-linux-gnu/7/lto-wrapper
OFFLOAD_TARGET_NAMES=nvptx-none
OFFLOAD_TARGET_DEFAULT=1
Target: x86_64-linux-gnu
Configured with: ../src/configure -v --with-pkgversion='Ubuntu 7.5.0-3ubuntu1~18.04' --with-bugurl=file:///usr/share/doc/gcc-7/README.Bugs --enable-languages=c,ada,c++,go,brig,d,fortran,objc,obj-c++ --prefix=/usr --with-gcc-major-version-only --program-suffix=-7 --program-prefix=x86_64-linux-gnu- --enable-shared --enable-linker-build-id --libexecdir=/usr/lib --without-included-gettext --enable-threads=posix --libdir=/usr/lib --enable-nls --enable-bootstrap --enable-clocale=gnu --enable-libstdcxx-debug --enable-libstdcxx-time=yes --with-default-libstdcxx-abi=new --enable-gnu-unique-object --disable-vtable-verify --enable-libmpx --enable-plugin --enable-default-pie --with-system-zlib --with-target-system-zlib --enable-objc-gc=auto --enable-multiarch --disable-werror --with-arch-32=i686 --with-abi=m64 --with-multilib-list=m32,m64,mx32 --enable-multilib --with-tune=generic --enable-offload-targets=nvptx-none --without-cuda-driver --enable-checking=release --build=x86_64-linux-gnu --host=x86_64-linux-gnu --target=x86_64-linux-gnu
Thread model: posix
gcc version 7.5.0 (Ubuntu 7.5.0-3ubuntu1~18.04) 
COMPILER_PATH=/usr/lib/gcc/x86_64-linux-gnu/7/:/usr/lib/gcc/x86_64-linux-gnu/7/:/usr/lib/gcc/x86_64-linux-gnu/:/usr/lib/gcc/x86_64-linux-gnu/7/:/usr/lib/gcc/x86_64-linux-gnu/
LIBRARY_PATH=/usr/lib/gcc/x86_64-linux-gnu/7/:/usr/lib/gcc/x86_64-linux-gnu/7/../../../x86_64-linux-gnu/:/usr/lib/gcc/x86_64-linux-gnu/7/../../../../lib/:/lib/x86_64-linux-gnu/:/lib/../lib/:/usr/lib/x86_64-linux-gnu/:/usr/lib/../lib/:/usr/lib/gcc/x86_64-linux-gnu/7/../../../:/lib/:/usr/lib/
COLLECT_GCC_OPTIONS='-v' '-rdynamic' '-o' 'cmTC_21ec9' '-shared-libgcc' '-mtune=generic' '-march=x86-64'
 /usr/lib/gcc/x86_64-linux-gnu/7/collect2 -plugin /usr/lib/gcc/x86_64-linux-gnu/7/liblto_plugin.so -plugin-opt=/usr/lib/gcc/x86_64-linux-gnu/7/lto-wrapper -plugin-opt=-fresolution=/tmp/ccuOQdsU.res -plugin-opt=-pass-through=-lgcc_s -plugin-opt=-pass-through=-lgcc -plugin-opt=-pass-through=-lc -plugin-opt=-pass-through=-lgcc_s -plugin-opt=-pass-through=-lgcc --build-id --eh-frame-hdr -m elf_x86_64 --hash-style=gnu --as-needed -export-dynamic -dynamic-linker /lib64/ld-linux-x86-64.so.2 -pie -z now -z relro -o cmTC_21ec9 /usr/lib/gcc/x86_64-linux-gnu/7/../../../x86_64-linux-gnu/Scrt1.o /usr/lib/gcc/x86_64-linux-gnu/7/../../../x86_64-linux-gnu/crti.o /usr/lib/gcc/x86_64-linux-gnu/7/crtbeginS.o -L/usr/lib/gcc/x86_64-linux-gnu/7 -L/usr/lib/gcc/x86_64-linux-gnu/7/../../../x86_64-linux-gnu -L/usr/lib/gcc/x86_64-linux-gnu/7/../../../../lib -L/lib/x86_64-linux-gnu -L/lib/../lib -L/usr/lib/x86_64-linux-gnu -L/usr/lib/../lib -L/usr/lib/gcc/x86_64-linux-gnu/7/../../.. CMakeFiles/cmTC_21ec9.dir/CMakeCXXCompilerABI.cpp.o -lstdc++ -lm -lgcc_s -lgcc -lc -lgcc_s -lgcc /usr/lib/gcc/x86_64-linux-gnu/7/crtendS.o /usr/lib/gcc/x86_64-linux-gnu/7/../../../x86_64-linux-gnu/crtn.o
COLLECT_GCC_OPTIONS='-v' '-rdynamic' '-o' 'cmTC_21ec9' '-shared-libgcc' '-mtune=generic' '-march=x86-64'
make[1]: 离开目录“/home/zhbit/zhbit_vision-v1.1/Zhbit_Vision_Aim/Buff/lib/fftw-3.3.10/build/CMakeFiles/CMakeTmp”


Parsed CXX implicit link information from above output:
  link line regex: [^( *|.*[/\])(ld|CMAKE_LINK_STARTFILE-NOTFOUND|([^/\]+-)?ld|collect2)[^/\]*( |$)]
  ignore line: [Change Dir: /home/zhbit/zhbit_vision-v1.1/Zhbit_Vision_Aim/Buff/lib/fftw-3.3.10/build/CMakeFiles/CMakeTmp]
  ignore line: []
  ignore line: [Run Build Command:"/usr/bin/make" "cmTC_21ec9/fast"]
  ignore line: [/usr/bin/make -f CMakeFiles/cmTC_21ec9.dir/build.make CMakeFiles/cmTC_21ec9.dir/build]
  ignore line: [make[1]: 进入目录“/home/zhbit/zhbit_vision-v1.1/Zhbit_Vision_Aim/Buff/lib/fftw-3.3.10/build/CMakeFiles/CMakeTmp”]
  ignore line: [Building CXX object CMakeFiles/cmTC_21ec9.dir/CMakeCXXCompilerABI.cpp.o]
  ignore line: [/usr/bin/c++     -o CMakeFiles/cmTC_21ec9.dir/CMakeCXXCompilerABI.cpp.o -c /usr/share/cmake-3.10/Modules/CMakeCXXCompilerABI.cpp]
  ignore line: [Linking CXX executable cmTC_21ec9]
  ignore line: [/usr/bin/cmake -E cmake_link_script CMakeFiles/cmTC_21ec9.dir/link.txt --verbose=1]
  ignore line: [/usr/bin/c++      -v -rdynamic CMakeFiles/cmTC_21ec9.dir/CMakeCXXCompilerABI.cpp.o  -o cmTC_21ec9 ]
  ignore line: [Using built-in specs.]
  ignore line: [COLLECT_GCC=/usr/bin/c++]
  ignore line: [COLLECT_LTO_WRAPPER=/usr/lib/gcc/x86_64-linux-gnu/7/lto-wrapper]
  ignore line: [OFFLOAD_TARGET_NAMES=nvptx-none]
  ignore line: [OFFLOAD_TARGET_DEFAULT=1]
  ignore line: [Target: x86_64-linux-gnu]
  ignore line: [Configured with: ../src/configure -v --with-pkgversion='Ubuntu 7.5.0-3ubuntu1~18.04' --with-bugurl=file:///usr/share/doc/gcc-7/README.Bugs --enable-languages=c,ada,c++,go,brig,d,fortran,objc,obj-c++ --prefix=/usr --with-gcc-major-version-only --program-suffix=-7 --program-prefix=x86_64-linux-gnu- --enable-shared --enable-linker-build-id --libexecdir=/usr/lib --without-included-gettext --enable-threads=posix --libdir=/usr/lib --enable-nls --enable-bootstrap --enable-clocale=gnu --enable-libstdcxx-debug --enable-libstdcxx-time=yes --with-default-libstdcxx-abi=new --enable-gnu-unique-object --disable-vtable-verify --enable-libmpx --enable-plugin --enable-default-pie --with-system-zlib --with-target-system-zlib --enable-objc-gc=auto --enable-multiarch --disable-werror --with-arch-32=i686 --with-abi=m64 --with-multilib-list=m32,m64,mx32 --enable-multilib --with-tune=generic --enable-offload-targets=nvptx-none --without-cuda-driver --enable-checking=release --build=x86_64-linux-gnu --host=x86_64-linux-gnu --target=x86_64-linux-gnu]
  ignore line: [Thread model: posix]
  ignore line: [gcc version 7.5.0 (Ubuntu 7.5.0-3ubuntu1~18.04) ]
  ignore line: [COMPILER_PATH=/usr/lib/gcc/x86_64-linux-gnu/7/:/usr/lib/gcc/x86_64-linux-gnu/7/:/usr/lib/gcc/x86_64-linux-gnu/:/usr/lib/gcc/x86_64-linux-gnu/7/:/usr/lib/gcc/x86_64-linux-gnu/]
  ignore line: [LIBRARY_PATH=/usr/lib/gcc/x86_64-linux-gnu/7/:/usr/lib/gcc/x86_64-linux-gnu/7/../../../x86_64-linux-gnu/:/usr/lib/gcc/x86_64-linux-gnu/7/../../../../lib/:/lib/x86_64-linux-gnu/:/lib/../lib/:/usr/lib/x86_64-linux-gnu/:/usr/lib/../lib/:/usr/lib/gcc/x86_64-linux-gnu/7/../../../:/lib/:/usr/lib/]
  ignore line: [COLLECT_GCC_OPTIONS='-v' '-rdynamic' '-o' 'cmTC_21ec9' '-shared-libgcc' '-mtune=generic' '-march=x86-64']
  link line: [ /usr/lib/gcc/x86_64-linux-gnu/7/collect2 -plugin /usr/lib/gcc/x86_64-linux-gnu/7/liblto_plugin.so -plugin-opt=/usr/lib/gcc/x86_64-linux-gnu/7/lto-wrapper -plugin-opt=-fresolution=/tmp/ccuOQdsU.res -plugin-opt=-pass-through=-lgcc_s -plugin-opt=-pass-through=-lgcc -plugin-opt=-pass-through=-lc -plugin-opt=-pass-through=-lgcc_s -plugin-opt=-pass-through=-lgcc --build-id --eh-frame-hdr -m elf_x86_64 --hash-style=gnu --as-needed -export-dynamic -dynamic-linker /lib64/ld-linux-x86-64.so.2 -pie -z now -z relro -o cmTC_21ec9 /usr/lib/gcc/x86_64-linux-gnu/7/../../../x86_64-linux-gnu/Scrt1.o /usr/lib/gcc/x86_64-linux-gnu/7/../../../x86_64-linux-gnu/crti.o /usr/lib/gcc/x86_64-linux-gnu/7/crtbeginS.o -L/usr/lib/gcc/x86_64-linux-gnu/7 -L/usr/lib/gcc/x86_64-linux-gnu/7/../../../x86_64-linux-gnu -L/usr/lib/gcc/x86_64-linux-gnu/7/../../../../lib -L/lib/x86_64-linux-gnu -L/lib/../lib -L/usr/lib/x86_64-linux-gnu -L/usr/lib/../lib -L/usr/lib/gcc/x86_64-linux-gnu/7/../../.. CMakeFiles/cmTC_21ec9.dir/CMakeCXXCompilerABI.cpp.o -lstdc++ -lm -lgcc_s -lgcc -lc -lgcc_s -lgcc /usr/lib/gcc/x86_64-linux-gnu/7/crtendS.o /usr/lib/gcc/x86_64-linux-gnu/7/../../../x86_64-linux-gnu/crtn.o]
    arg [/usr/lib/gcc/x86_64-linux-gnu/7/collect2] ==> ignore
    arg [-plugin] ==> ignore
    arg [/usr/lib/gcc/x86_64-linux-gnu/7/liblto_plugin.so] ==> ignore
    arg [-plugin-opt=/usr/lib/gcc/x86_64-linux-gnu/7/lto-wrapper] ==> ignore
    arg [-plugin-opt=-fresolution=/tmp/ccuOQdsU.res] ==> ignore
    arg [-plugin-opt=-pass-through=-lgcc_s] ==> ignore
    arg [-plugin-opt=-pass-through=-lgcc] ==> ignore
    arg [-plugin-opt=-pass-through=-lc] ==> ignore
    arg [-plugin-opt=-pass-through=-lgcc_s] ==> ignore
    arg [-plugin-opt=-pass-through=-lgcc] ==> ignore
    arg [--build-id] ==> ignore
    arg [--eh-frame-hdr] ==> ignore
    arg [-m] ==> ignore
    arg [elf_x86_64] ==> ignore
    arg [--hash-style=gnu] ==> ignore
    arg [--as-needed] ==> ignore
    arg [-export-dynamic] ==> ignore
    arg [-dynamic-linker] ==> ignore
    arg [/lib64/ld-linux-x86-64.so.2] ==> ignore
    arg [-pie] ==> ignore
    arg [-znow] ==> ignore
    arg [-zrelro] ==> ignore
    arg [-o] ==> ignore
    arg [cmTC_21ec9] ==> ignore
    arg [/usr/lib/gcc/x86_64-linux-gnu/7/../../../x86_64-linux-gnu/Scrt1.o] ==> ignore
    arg [/usr/lib/gcc/x86_64-linux-gnu/7/../../../x86_64-linux-gnu/crti.o] ==> ignore
    arg [/usr/lib/gcc/x86_64-linux-gnu/7/crtbeginS.o] ==> ignore
    arg [-L/usr/lib/gcc/x86_64-linux-gnu/7] ==> dir [/usr/lib/gcc/x86_64-linux-gnu/7]
    arg [-L/usr/lib/gcc/x86_64-linux-gnu/7/../../../x86_64-linux-gnu] ==> dir [/usr/lib/gcc/x86_64-linux-gnu/7/../../../x86_64-linux-gnu]
    arg [-L/usr/lib/gcc/x86_64-linux-gnu/7/../../../../lib] ==> dir [/usr/lib/gcc/x86_64-linux-gnu/7/../../../../lib]
    arg [-L/lib/x86_64-linux-gnu] ==> dir [/lib/x86_64-linux-gnu]
    arg [-L/lib/../lib] ==> dir [/lib/../lib]
    arg [-L/usr/lib/x86_64-linux-gnu] ==> dir [/usr/lib/x86_64-linux-gnu]
    arg [-L/usr/lib/../lib] ==> dir [/usr/lib/../lib]
    arg [-L/usr/lib/gcc/x86_64-linux-gnu/7/../../..] ==> dir [/usr/lib/gcc/x86_64-linux-gnu/7/../../..]
    arg [CMakeFiles/cmTC_21ec9.dir/CMakeCXXCompilerABI.cpp.o] ==> ignore
    arg [-lstdc++] ==> lib [stdc++]
    arg [-lm] ==> lib [m]
    arg [-lgcc_s] ==> lib [gcc_s]
    arg [-lgcc] ==> lib [gcc]
    arg [-lc] ==> lib [c]
    arg [-lgcc_s] ==> lib [gcc_s]
    arg [-lgcc] ==> lib [gcc]
    arg [/usr/lib/gcc/x86_64-linux-gnu/7/crtendS.o] ==> ignore
    arg [/usr/lib/gcc/x86_64-linux-gnu/7/../../../x86_64-linux-gnu/crtn.o] ==> ignore
  collapse library dir [/usr/lib/gcc/x86_64-linux-gnu/7] ==> [/usr/lib/gcc/x86_64-linux-gnu/7]
  collapse library dir [/usr/lib/gcc/x86_64-linux-gnu/7/../../../x86_64-linux-gnu] ==> [/usr/lib/x86_64-linux-gnu]
  collapse library dir [/usr/lib/gcc/x86_64-linux-gnu/7/../../../../lib] ==> [/usr/lib]
  collapse library dir [/lib/x86_64-linux-gnu] ==> [/lib/x86_64-linux-gnu]
  collapse library dir [/lib/../lib] ==> [/lib]
  collapse library dir [/usr/lib/x86_64-linux-gnu] ==> [/usr/lib/x86_64-linux-gnu]
  collapse library dir [/usr/lib/../lib] ==> [/usr/lib]
  collapse library dir [/usr/lib/gcc/x86_64-linux-gnu/7/../../..] ==> [/usr/lib]
  implicit libs: [stdc++;m;gcc_s;gcc;c;gcc_s;gcc]
  implicit dirs: [/usr/lib/gcc/x86_64-linux-gnu/7;/usr/lib/x86_64-linux-gnu;/usr/lib;/lib/x86_64-linux-gnu;/lib]
  implicit fwks: []




Detecting CXX [-std=c++1z] compiler features compiled with the following output:
Change Dir: /home/zhbit/zhbit_vision-v1.1/Zhbit_Vision_Aim/Buff/lib/fftw-3.3.10/build/CMakeFiles/CMakeTmp

Run Build Command:"/usr/bin/make" "cmTC_13d8f/fast"
/usr/bin/make -f CMakeFiles/cmTC_13d8f.dir/build.make CMakeFiles/cmTC_13d8f.dir/build
make[1]: 进入目录“/home/zhbit/zhbit_vision-v1.1/Zhbit_Vision_Aim/Buff/lib/fftw-3.3.10/build/CMakeFiles/CMakeTmp”
Building CXX object CMakeFiles/cmTC_13d8f.dir/feature_tests.cxx.o
/usr/bin/c++    -std=c++1z -o CMakeFiles/cmTC_13d8f.dir/feature_tests.cxx.o -c /home/zhbit/zhbit_vision-v1.1/Zhbit_Vision_Aim/Buff/lib/fftw-3.3.10/build/CMakeFiles/feature_tests.cxx
Linking CXX executable cmTC_13d8f
/usr/bin/cmake -E cmake_link_script CMakeFiles/cmTC_13d8f.dir/link.txt --verbose=1
/usr/bin/c++       -rdynamic CMakeFiles/cmTC_13d8f.dir/feature_tests.cxx.o  -o cmTC_13d8f 
make[1]: 离开目录“/home/zhbit/zhbit_vision-v1.1/Zhbit_Vision_Aim/Buff/lib/fftw-3.3.10/build/CMakeFiles/CMakeTmp”


    Feature record: CXX_FEATURE:1cxx_aggregate_default_initializers
    Feature record: CXX_FEATURE:1cxx_alias_templates
    Feature record: CXX_FEATURE:1cxx_alignas
    Feature record: CXX_FEATURE:1cxx_alignof
    Feature record: CXX_FEATURE:1cxx_attributes
    Feature record: CXX_FEATURE:1cxx_attribute_deprecated
    Feature record: CXX_FEATURE:1cxx_auto_type
    Feature record: CXX_FEATURE:1cxx_binary_literals
    Feature record: CXX_FEATURE:1cxx_constexpr
    Feature record: CXX_FEATURE:1cxx_contextual_conversions
    Feature record: CXX_FEATURE:1cxx_decltype
    Feature record: CXX_FEATURE:1cxx_decltype_auto
    Feature record: CXX_FEATURE:1cxx_decltype_incomplete_return_types
    Feature record: CXX_FEATURE:1cxx_default_function_template_args
    Feature record: CXX_FEATURE:1cxx_defaulted_functions
    Feature record: CXX_FEATURE:1cxx_defaulted_move_initializers
    Feature record: CXX_FEATURE:1cxx_delegating_constructors
    Feature record: CXX_FEATURE:1cxx_deleted_functions
    Feature record: CXX_FEATURE:1cxx_digit_separators
    Feature record: CXX_FEATURE:1cxx_enum_forward_declarations
    Feature record: CXX_FEATURE:1cxx_explicit_conversions
    Feature record: CXX_FEATURE:1cxx_extended_friend_declarations
    Feature record: CXX_FEATURE:1cxx_extern_templates
    Feature record: CXX_FEATURE:1cxx_final
    Feature record: CXX_FEATURE:1cxx_func_identifier
    Feature record: CXX_FEATURE:1cxx_generalized_initializers
    Feature record: CXX_FEATURE:1cxx_generic_lambdas
    Feature record: CXX_FEATURE:1cxx_inheriting_constructors
    Feature record: CXX_FEATURE:1cxx_inline_namespaces
    Feature record: CXX_FEATURE:1cxx_lambdas
    Feature record: CXX_FEATURE:1cxx_lambda_init_captures
    Feature record: CXX_FEATURE:1cxx_local_type_template_args
    Feature record: CXX_FEATURE:1cxx_long_long_type
    Feature record: CXX_FEATURE:1cxx_noexcept
    Feature record: CXX_FEATURE:1cxx_nonstatic_member_init
    Feature record: CXX_FEATURE:1cxx_nullptr
    Feature record: CXX_FEATURE:1cxx_override
    Feature record: CXX_FEATURE:1cxx_range_for
    Feature record: CXX_FEATURE:1cxx_raw_string_literals
    Feature record: CXX_FEATURE:1cxx_reference_qualified_functions
    Feature record: CXX_FEATURE:1cxx_relaxed_constexpr
    Feature record: CXX_FEATURE:1cxx_return_type_deduction
    Feature record: CXX_FEATURE:1cxx_right_angle_brackets
    Feature record: CXX_FEATURE:1cxx_rvalue_references
    Feature record: CXX_FEATURE:1cxx_sizeof_member
    Feature record: CXX_FEATURE:1cxx_static_assert
    Feature record: CXX_FEATURE:1cxx_strong_enums
    Feature record: CXX_FEATURE:1cxx_template_template_parameters
    Feature record: CXX_FEATURE:1cxx_thread_local
    Feature record: CXX_FEATURE:1cxx_trailing_return_types
    Feature record: CXX_FEATURE:1cxx_unicode_literals
    Feature record: CXX_FEATURE:1cxx_uniform_initialization
    Feature record: CXX_FEATURE:1cxx_unrestricted_unions
    Feature record: CXX_FEATURE:1cxx_user_literals
    Feature record: CXX_FEATURE:1cxx_variable_templates
    Feature record: CXX_FEATURE:1cxx_variadic_macros
    Feature record: CXX_FEATURE:1cxx_variadic_templates


Detecting CXX [-std=c++14] compiler features compiled with the following output:
Change Dir: /home/zhbit/zhbit_vision-v1.1/Zhbit_Vision_Aim/Buff/lib/fftw-3.3.10/build/CMakeFiles/CMakeTmp

Run Build Command:"/usr/bin/make" "cmTC_030fa/fast"
/usr/bin/make -f CMakeFiles/cmTC_030fa.dir/build.make CMakeFiles/cmTC_030fa.dir/build
make[1]: 进入目录“/home/zhbit/zhbit_vision-v1.1/Zhbit_Vision_Aim/Buff/lib/fftw-3.3.10/build/CMakeFiles/CMakeTmp”
Building CXX object CMakeFiles/cmTC_030fa.dir/feature_tests.cxx.o
/usr/bin/c++    -std=c++14 -o CMakeFiles/cmTC_030fa.dir/feature_tests.cxx.o -c /home/zhbit/zhbit_vision-v1.1/Zhbit_Vision_Aim/Buff/lib/fftw-3.3.10/build/CMakeFiles/feature_tests.cxx
Linking CXX executable cmTC_030fa
/usr/bin/cmake -E cmake_link_script CMakeFiles/cmTC_030fa.dir/link.txt --verbose=1
/usr/bin/c++       -rdynamic CMakeFiles/cmTC_030fa.dir/feature_tests.cxx.o  -o cmTC_030fa 
make[1]: 离开目录“/home/zhbit/zhbit_vision-v1.1/Zhbit_Vision_Aim/Buff/lib/fftw-3.3.10/build/CMakeFiles/CMakeTmp”


    Feature record: CXX_FEATURE:1cxx_aggregate_default_initializers
    Feature record: CXX_FEATURE:1cxx_alias_templates
    Feature record: CXX_FEATURE:1cxx_alignas
    Feature record: CXX_FEATURE:1cxx_alignof
    Feature record: CXX_FEATURE:1cxx_attributes
    Feature record: CXX_FEATURE:1cxx_attribute_deprecated
    Feature record: CXX_FEATURE:1cxx_auto_type
    Feature record: CXX_FEATURE:1cxx_binary_literals
    Feature record: CXX_FEATURE:1cxx_constexpr
    Feature record: CXX_FEATURE:1cxx_contextual_conversions
    Feature record: CXX_FEATURE:1cxx_decltype
    Feature record: CXX_FEATURE:1cxx_decltype_auto
    Feature record: CXX_FEATURE:1cxx_decltype_incomplete_return_types
    Feature record: CXX_FEATURE:1cxx_default_function_template_args
    Feature record: CXX_FEATURE:1cxx_defaulted_functions
    Feature record: CXX_FEATURE:1cxx_defaulted_move_initializers
    Feature record: CXX_FEATURE:1cxx_delegating_constructors
    Feature record: CXX_FEATURE:1cxx_deleted_functions
    Feature record: CXX_FEATURE:1cxx_digit_separators
    Feature record: CXX_FEATURE:1cxx_enum_forward_declarations
    Feature record: CXX_FEATURE:1cxx_explicit_conversions
    Feature record: CXX_FEATURE:1cxx_extended_friend_declarations
    Feature record: CXX_FEATURE:1cxx_extern_templates
    Feature record: CXX_FEATURE:1cxx_final
    Feature record: CXX_FEATURE:1cxx_func_identifier
    Feature record: CXX_FEATURE:1cxx_generalized_initializers
    Feature record: CXX_FEATURE:1cxx_generic_lambdas
    Feature record: CXX_FEATURE:1cxx_inheriting_constructors
    Feature record: CXX_FEATURE:1cxx_inline_namespaces
    Feature record: CXX_FEATURE:1cxx_lambdas
    Feature record: CXX_FEATURE:1cxx_lambda_init_captures
    Feature record: CXX_FEATURE:1cxx_local_type_template_args
    Feature record: CXX_FEATURE:1cxx_long_long_type
    Feature record: CXX_FEATURE:1cxx_noexcept
    Feature record: CXX_FEATURE:1cxx_nonstatic_member_init
    Feature record: CXX_FEATURE:1cxx_nullptr
    Feature record: CXX_FEATURE:1cxx_override
    Feature record: CXX_FEATURE:1cxx_range_for
    Feature record: CXX_FEATURE:1cxx_raw_string_literals
    Feature record: CXX_FEATURE:1cxx_reference_qualified_functions
    Feature record: CXX_FEATURE:1cxx_relaxed_constexpr
    Feature record: CXX_FEATURE:1cxx_return_type_deduction
    Feature record: CXX_FEATURE:1cxx_right_angle_brackets
    Feature record: CXX_FEATURE:1cxx_rvalue_references
    Feature record: CXX_FEATURE:1cxx_sizeof_member
    Feature record: CXX_FEATURE:1cxx_static_assert
    Feature record: CXX_FEATURE:1cxx_strong_enums
    Feature record: CXX_FEATURE:1cxx_template_template_parameters
    Feature record: CXX_FEATURE:1cxx_thread_local
    Feature record: CXX_FEATURE:1cxx_trailing_return_types
    Feature record: CXX_FEATURE:1cxx_unicode_literals
    Feature record: CXX_FEATURE:1cxx_uniform_initialization
    Feature record: CXX_FEATURE:1cxx_unrestricted_unions
    Feature record: CXX_FEATURE:1cxx_user_literals
    Feature record: CXX_FEATURE:1cxx_variable_templates
    Feature record: CXX_FEATURE:1cxx_variadic_macros
    Feature record: CXX_FEATURE:1cxx_variadic_templates


Detecting CXX [-std=c++11] compiler features compiled with the following output:
Change Dir: /home/zhbit/zhbit_vision-v1.1/Zhbit_Vision_Aim/Buff/lib/fftw-3.3.10/build/CMakeFiles/CMakeTmp

Run Build Command:"/usr/bin/make" "cmTC_b939d/fast"
/usr/bin/make -f CMakeFiles/cmTC_b939d.dir/build.make CMakeFiles/cmTC_b939d.dir/build
make[1]: 进入目录“/home/zhbit/zhbit_vision-v1.1/Zhbit_Vision_Aim/Buff/lib/fftw-3.3.10/build/CMakeFiles/CMakeTmp”
Building CXX object CMakeFiles/cmTC_b939d.dir/feature_tests.cxx.o
/usr/bin/c++    -std=c++11 -o CMakeFiles/cmTC_b939d.dir/feature_tests.cxx.o -c /home/zhbit/zhbit_vision-v1.1/Zhbit_Vision_Aim/Buff/lib/fftw-3.3.10/build/CMakeFiles/feature_tests.cxx
Linking CXX executable cmTC_b939d
/usr/bin/cmake -E cmake_link_script CMakeFiles/cmTC_b939d.dir/link.txt --verbose=1
/usr/bin/c++       -rdynamic CMakeFiles/cmTC_b939d.dir/feature_tests.cxx.o  -o cmTC_b939d 
make[1]: 离开目录“/home/zhbit/zhbit_vision-v1.1/Zhbit_Vision_Aim/Buff/lib/fftw-3.3.10/build/CMakeFiles/CMakeTmp”


    Feature record: CXX_FEATURE:0cxx_aggregate_default_initializers
    Feature record: CXX_FEATURE:1cxx_alias_templates
    Feature record: CXX_FEATURE:1cxx_alignas
    Feature record: CXX_FEATURE:1cxx_alignof
    Feature record: CXX_FEATURE:1cxx_attributes
    Feature record: CXX_FEATURE:0cxx_attribute_deprecated
    Feature record: CXX_FEATURE:1cxx_auto_type
    Feature record: CXX_FEATURE:0cxx_binary_literals
    Feature record: CXX_FEATURE:1cxx_constexpr
    Feature record: CXX_FEATURE:0cxx_contextual_conversions
    Feature record: CXX_FEATURE:1cxx_decltype
    Feature record: CXX_FEATURE:0cxx_decltype_auto
    Feature record: CXX_FEATURE:1cxx_decltype_incomplete_return_types
    Feature record: CXX_FEATURE:1cxx_default_function_template_args
    Feature record: CXX_FEATURE:1cxx_defaulted_functions
    Feature record: CXX_FEATURE:1cxx_defaulted_move_initializers
    Feature record: CXX_FEATURE:1cxx_delegating_constructors
    Feature record: CXX_FEATURE:1cxx_deleted_functions
    Feature record: CXX_FEATURE:0cxx_digit_separators
    Feature record: CXX_FEATURE:1cxx_enum_forward_declarations
    Feature record: CXX_FEATURE:1cxx_explicit_conversions
    Feature record: CXX_FEATURE:1cxx_extended_friend_declarations
    Feature record: CXX_FEATURE:1cxx_extern_templates
    Feature record: CXX_FEATURE:1cxx_final
    Feature record: CXX_FEATURE:1cxx_func_identifier
    Feature record: CXX_FEATURE:1cxx_generalized_initializers
    Feature record: CXX_FEATURE:0cxx_generic_lambdas
    Feature record: CXX_FEATURE:1cxx_inheriting_constructors
    Feature record: CXX_FEATURE:1cxx_inline_namespaces
    Feature record: CXX_FEATURE:1cxx_lambdas
    Feature record: CXX_FEATURE:0cxx_lambda_init_captures
    Feature record: CXX_FEATURE:1cxx_local_type_template_args
    Feature record: CXX_FEATURE:1cxx_long_long_type
    Feature record: CXX_FEATURE:1cxx_noexcept
    Feature record: CXX_FEATURE:1cxx_nonstatic_member_init
    Feature record: CXX_FEATURE:1cxx_nullptr
    Feature record: CXX_FEATURE:1cxx_override
    Feature record: CXX_FEATURE:1cxx_range_for
    Feature record: CXX_FEATURE:1cxx_raw_string_literals
    Feature record: CXX_FEATURE:1cxx_reference_qualified_functions
    Feature record: CXX_FEATURE:0cxx_relaxed_constexpr
    Feature record: CXX_FEATURE:0cxx_return_type_deduction
    Feature record: CXX_FEATURE:1cxx_right_angle_brackets
    Feature record: CXX_FEATURE:1cxx_rvalue_references
    Feature record: CXX_FEATURE:1cxx_sizeof_member
    Feature record: CXX_FEATURE:1cxx_static_assert
    Feature record: CXX_FEATURE:1cxx_strong_enums
    Feature record: CXX_FEATURE:1cxx_template_template_parameters
    Feature record: CXX_FEATURE:1cxx_thread_local
    Feature record: CXX_FEATURE:1cxx_trailing_return_types
    Feature record: CXX_FEATURE:1cxx_unicode_literals
    Feature record: CXX_FEATURE:1cxx_uniform_initialization
    Feature record: CXX_FEATURE:1cxx_unrestricted_unions
    Feature record: CXX_FEATURE:1cxx_user_literals
    Feature record: CXX_FEATURE:0cxx_variable_templates
    Feature record: CXX_FEATURE:1cxx_variadic_macros
    Feature record: CXX_FEATURE:1cxx_variadic_templates


Detecting CXX [-std=c++98] compiler features compiled with the following output:
Change Dir: /home/zhbit/zhbit_vision-v1.1/Zhbit_Vision_Aim/Buff/lib/fftw-3.3.10/build/CMakeFiles/CMakeTmp

Run Build Command:"/usr/bin/make" "cmTC_16f78/fast"
/usr/bin/make -f CMakeFiles/cmTC_16f78.dir/build.make CMakeFiles/cmTC_16f78.dir/build
make[1]: 进入目录“/home/zhbit/zhbit_vision-v1.1/Zhbit_Vision_Aim/Buff/lib/fftw-3.3.10/build/CMakeFiles/CMakeTmp”
Building CXX object CMakeFiles/cmTC_16f78.dir/feature_tests.cxx.o
/usr/bin/c++    -std=c++98 -o CMakeFiles/cmTC_16f78.dir/feature_tests.cxx.o -c /home/zhbit/zhbit_vision-v1.1/Zhbit_Vision_Aim/Buff/lib/fftw-3.3.10/build/CMakeFiles/feature_tests.cxx
Linking CXX executable cmTC_16f78
/usr/bin/cmake -E cmake_link_script CMakeFiles/cmTC_16f78.dir/link.txt --verbose=1
/usr/bin/c++       -rdynamic CMakeFiles/cmTC_16f78.dir/feature_tests.cxx.o  -o cmTC_16f78 
make[1]: 离开目录“/home/zhbit/zhbit_vision-v1.1/Zhbit_Vision_Aim/Buff/lib/fftw-3.3.10/build/CMakeFiles/CMakeTmp”


    Feature record: CXX_FEATURE:0cxx_aggregate_default_initializers
    Feature record: CXX_FEATURE:0cxx_alias_templates
    Feature record: CXX_FEATURE:0cxx_alignas
    Feature record: CXX_FEATURE:0cxx_alignof
    Feature record: CXX_FEATURE:0cxx_attributes
    Feature record: CXX_FEATURE:0cxx_attribute_deprecated
    Feature record: CXX_FEATURE:0cxx_auto_type
    Feature record: CXX_FEATURE:0cxx_binary_literals
    Feature record: CXX_FEATURE:0cxx_constexpr
    Feature record: CXX_FEATURE:0cxx_contextual_conversions
    Feature record: CXX_FEATURE:0cxx_decltype
    Feature record: CXX_FEATURE:0cxx_decltype_auto
    Feature record: CXX_FEATURE:0cxx_decltype_incomplete_return_types
    Feature record: CXX_FEATURE:0cxx_default_function_template_args
    Feature record: CXX_FEATURE:0cxx_defaulted_functions
    Feature record: CXX_FEATURE:0cxx_defaulted_move_initializers
    Feature record: CXX_FEATURE:0cxx_delegating_constructors
    Feature record: CXX_FEATURE:0cxx_deleted_functions
    Feature record: CXX_FEATURE:0cxx_digit_separators
    Feature record: CXX_FEATURE:0cxx_enum_forward_declarations
    Feature record: CXX_FEATURE:0cxx_explicit_conversions
    Feature record: CXX_FEATURE:0cxx_extended_friend_declarations
    Feature record: CXX_FEATURE:0cxx_extern_templates
    Feature record: CXX_FEATURE:0cxx_final
    Feature record: CXX_FEATURE:0cxx_func_identifier
    Feature record: CXX_FEATURE:0cxx_generalized_initializers
    Feature record: CXX_FEATURE:0cxx_generic_lambdas
    Feature record: CXX_FEATURE:0cxx_inheriting_constructors
    Feature record: CXX_FEATURE:0cxx_inline_namespaces
    Feature record: CXX_FEATURE:0cxx_lambdas
    Feature record: CXX_FEATURE:0cxx_lambda_init_captures
    Feature record: CXX_FEATURE:0cxx_local_type_template_args
    Feature record: CXX_FEATURE:0cxx_long_long_type
    Feature record: CXX_FEATURE:0cxx_noexcept
    Feature record: CXX_FEATURE:0cxx_nonstatic_member_init
    Feature record: CXX_FEATURE:0cxx_nullptr
    Feature record: CXX_FEATURE:0cxx_override
    Feature record: CXX_FEATURE:0cxx_range_for
    Feature record: CXX_FEATURE:0cxx_raw_string_literals
    Feature record: CXX_FEATURE:0cxx_reference_qualified_functions
    Feature record: CXX_FEATURE:0cxx_relaxed_constexpr
    Feature record: CXX_FEATURE:0cxx_return_type_deduction
    Feature record: CXX_FEATURE:0cxx_right_angle_brackets
    Feature record: CXX_FEATURE:0cxx_rvalue_references
    Feature record: CXX_FEATURE:0cxx_sizeof_member
    Feature record: CXX_FEATURE:0cxx_static_assert
    Feature record: CXX_FEATURE:0cxx_strong_enums
    Feature record: CXX_FEATURE:1cxx_template_template_parameters
    Feature record: CXX_FEATURE:0cxx_thread_local
    Feature record: CXX_FEATURE:0cxx_trailing_return_types
    Feature record: CXX_FEATURE:0cxx_unicode_literals
    Feature record: CXX_FEATURE:0cxx_uniform_initialization
    Feature record: CXX_FEATURE:0cxx_unrestricted_unions
    Feature record: CXX_FEATURE:0cxx_user_literals
    Feature record: CXX_FEATURE:0cxx_variable_templates
    Feature record: CXX_FEATURE:0cxx_variadic_macros
    Feature record: CXX_FEATURE:0cxx_variadic_templates
Determining if the include file alloca.h exists passed with the following output:
Change Dir: /home/zhbit/zhbit_vision-v1.1/Zhbit_Vision_Aim/Buff/lib/fftw-3.3.10/build/CMakeFiles/CMakeTmp

Run Build Command:"/usr/bin/make" "cmTC_7b933/fast"
/usr/bin/make -f CMakeFiles/cmTC_7b933.dir/build.make CMakeFiles/cmTC_7b933.dir/build
make[1]: 进入目录“/home/zhbit/zhbit_vision-v1.1/Zhbit_Vision_Aim/Buff/lib/fftw-3.3.10/build/CMakeFiles/CMakeTmp”
Building C object CMakeFiles/cmTC_7b933.dir/CheckIncludeFile.c.o
/usr/bin/cc    -o CMakeFiles/cmTC_7b933.dir/CheckIncludeFile.c.o   -c /home/zhbit/zhbit_vision-v1.1/Zhbit_Vision_Aim/Buff/lib/fftw-3.3.10/build/CMakeFiles/CMakeTmp/CheckIncludeFile.c
Linking C executable cmTC_7b933
/usr/bin/cmake -E cmake_link_script CMakeFiles/cmTC_7b933.dir/link.txt --verbose=1
/usr/bin/cc      -rdynamic CMakeFiles/cmTC_7b933.dir/CheckIncludeFile.c.o  -o cmTC_7b933 
make[1]: 离开目录“/home/zhbit/zhbit_vision-v1.1/Zhbit_Vision_Aim/Buff/lib/fftw-3.3.10/build/CMakeFiles/CMakeTmp”


Determining if the include file dlfcn.h exists passed with the following output:
Change Dir: /home/zhbit/zhbit_vision-v1.1/Zhbit_Vision_Aim/Buff/lib/fftw-3.3.10/build/CMakeFiles/CMakeTmp

Run Build Command:"/usr/bin/make" "cmTC_0ec7f/fast"
/usr/bin/make -f CMakeFiles/cmTC_0ec7f.dir/build.make CMakeFiles/cmTC_0ec7f.dir/build
make[1]: 进入目录“/home/zhbit/zhbit_vision-v1.1/Zhbit_Vision_Aim/Buff/lib/fftw-3.3.10/build/CMakeFiles/CMakeTmp”
Building C object CMakeFiles/cmTC_0ec7f.dir/CheckIncludeFile.c.o
/usr/bin/cc    -o CMakeFiles/cmTC_0ec7f.dir/CheckIncludeFile.c.o   -c /home/zhbit/zhbit_vision-v1.1/Zhbit_Vision_Aim/Buff/lib/fftw-3.3.10/build/CMakeFiles/CMakeTmp/CheckIncludeFile.c
Linking C executable cmTC_0ec7f
/usr/bin/cmake -E cmake_link_script CMakeFiles/cmTC_0ec7f.dir/link.txt --verbose=1
/usr/bin/cc      -rdynamic CMakeFiles/cmTC_0ec7f.dir/CheckIncludeFile.c.o  -o cmTC_0ec7f 
make[1]: 离开目录“/home/zhbit/zhbit_vision-v1.1/Zhbit_Vision_Aim/Buff/lib/fftw-3.3.10/build/CMakeFiles/CMakeTmp”


Determining if the include file inttypes.h exists passed with the following output:
Change Dir: /home/zhbit/zhbit_vision-v1.1/Zhbit_Vision_Aim/Buff/lib/fftw-3.3.10/build/CMakeFiles/CMakeTmp

Run Build Command:"/usr/bin/make" "cmTC_e97ee/fast"
/usr/bin/make -f CMakeFiles/cmTC_e97ee.dir/build.make CMakeFiles/cmTC_e97ee.dir/build
make[1]: 进入目录“/home/zhbit/zhbit_vision-v1.1/Zhbit_Vision_Aim/Buff/lib/fftw-3.3.10/build/CMakeFiles/CMakeTmp”
Building C object CMakeFiles/cmTC_e97ee.dir/CheckIncludeFile.c.o
/usr/bin/cc    -o CMakeFiles/cmTC_e97ee.dir/CheckIncludeFile.c.o   -c /home/zhbit/zhbit_vision-v1.1/Zhbit_Vision_Aim/Buff/lib/fftw-3.3.10/build/CMakeFiles/CMakeTmp/CheckIncludeFile.c
Linking C executable cmTC_e97ee
/usr/bin/cmake -E cmake_link_script CMakeFiles/cmTC_e97ee.dir/link.txt --verbose=1
/usr/bin/cc      -rdynamic CMakeFiles/cmTC_e97ee.dir/CheckIncludeFile.c.o  -o cmTC_e97ee 
make[1]: 离开目录“/home/zhbit/zhbit_vision-v1.1/Zhbit_Vision_Aim/Buff/lib/fftw-3.3.10/build/CMakeFiles/CMakeTmp”


Determining if the include file libintl.h exists passed with the following output:
Change Dir: /home/zhbit/zhbit_vision-v1.1/Zhbit_Vision_Aim/Buff/lib/fftw-3.3.10/build/CMakeFiles/CMakeTmp

Run Build Command:"/usr/bin/make" "cmTC_5d08d/fast"
/usr/bin/make -f CMakeFiles/cmTC_5d08d.dir/build.make CMakeFiles/cmTC_5d08d.dir/build
make[1]: 进入目录“/home/zhbit/zhbit_vision-v1.1/Zhbit_Vision_Aim/Buff/lib/fftw-3.3.10/build/CMakeFiles/CMakeTmp”
Building C object CMakeFiles/cmTC_5d08d.dir/CheckIncludeFile.c.o
/usr/bin/cc    -o CMakeFiles/cmTC_5d08d.dir/CheckIncludeFile.c.o   -c /home/zhbit/zhbit_vision-v1.1/Zhbit_Vision_Aim/Buff/lib/fftw-3.3.10/build/CMakeFiles/CMakeTmp/CheckIncludeFile.c
Linking C executable cmTC_5d08d
/usr/bin/cmake -E cmake_link_script CMakeFiles/cmTC_5d08d.dir/link.txt --verbose=1
/usr/bin/cc      -rdynamic CMakeFiles/cmTC_5d08d.dir/CheckIncludeFile.c.o  -o cmTC_5d08d 
make[1]: 离开目录“/home/zhbit/zhbit_vision-v1.1/Zhbit_Vision_Aim/Buff/lib/fftw-3.3.10/build/CMakeFiles/CMakeTmp”


Determining if the include file limits.h exists passed with the following output:
Change Dir: /home/zhbit/zhbit_vision-v1.1/Zhbit_Vision_Aim/Buff/lib/fftw-3.3.10/build/CMakeFiles/CMakeTmp

Run Build Command:"/usr/bin/make" "cmTC_b96fe/fast"
/usr/bin/make -f CMakeFiles/cmTC_b96fe.dir/build.make CMakeFiles/cmTC_b96fe.dir/build
make[1]: 进入目录“/home/zhbit/zhbit_vision-v1.1/Zhbit_Vision_Aim/Buff/lib/fftw-3.3.10/build/CMakeFiles/CMakeTmp”
Building C object CMakeFiles/cmTC_b96fe.dir/CheckIncludeFile.c.o
/usr/bin/cc    -o CMakeFiles/cmTC_b96fe.dir/CheckIncludeFile.c.o   -c /home/zhbit/zhbit_vision-v1.1/Zhbit_Vision_Aim/Buff/lib/fftw-3.3.10/build/CMakeFiles/CMakeTmp/CheckIncludeFile.c
Linking C executable cmTC_b96fe
/usr/bin/cmake -E cmake_link_script CMakeFiles/cmTC_b96fe.dir/link.txt --verbose=1
/usr/bin/cc      -rdynamic CMakeFiles/cmTC_b96fe.dir/CheckIncludeFile.c.o  -o cmTC_b96fe 
make[1]: 离开目录“/home/zhbit/zhbit_vision-v1.1/Zhbit_Vision_Aim/Buff/lib/fftw-3.3.10/build/CMakeFiles/CMakeTmp”


Determining if the include file malloc.h exists passed with the following output:
Change Dir: /home/zhbit/zhbit_vision-v1.1/Zhbit_Vision_Aim/Buff/lib/fftw-3.3.10/build/CMakeFiles/CMakeTmp

Run Build Command:"/usr/bin/make" "cmTC_aaa2c/fast"
/usr/bin/make -f CMakeFiles/cmTC_aaa2c.dir/build.make CMakeFiles/cmTC_aaa2c.dir/build
make[1]: 进入目录“/home/zhbit/zhbit_vision-v1.1/Zhbit_Vision_Aim/Buff/lib/fftw-3.3.10/build/CMakeFiles/CMakeTmp”
Building C object CMakeFiles/cmTC_aaa2c.dir/CheckIncludeFile.c.o
/usr/bin/cc    -o CMakeFiles/cmTC_aaa2c.dir/CheckIncludeFile.c.o   -c /home/zhbit/zhbit_vision-v1.1/Zhbit_Vision_Aim/Buff/lib/fftw-3.3.10/build/CMakeFiles/CMakeTmp/CheckIncludeFile.c
Linking C executable cmTC_aaa2c
/usr/bin/cmake -E cmake_link_script CMakeFiles/cmTC_aaa2c.dir/link.txt --verbose=1
/usr/bin/cc      -rdynamic CMakeFiles/cmTC_aaa2c.dir/CheckIncludeFile.c.o  -o cmTC_aaa2c 
make[1]: 离开目录“/home/zhbit/zhbit_vision-v1.1/Zhbit_Vision_Aim/Buff/lib/fftw-3.3.10/build/CMakeFiles/CMakeTmp”


Determining if the include file memory.h exists passed with the following output:
Change Dir: /home/zhbit/zhbit_vision-v1.1/Zhbit_Vision_Aim/Buff/lib/fftw-3.3.10/build/CMakeFiles/CMakeTmp

Run Build Command:"/usr/bin/make" "cmTC_b5c67/fast"
/usr/bin/make -f CMakeFiles/cmTC_b5c67.dir/build.make CMakeFiles/cmTC_b5c67.dir/build
make[1]: 进入目录“/home/zhbit/zhbit_vision-v1.1/Zhbit_Vision_Aim/Buff/lib/fftw-3.3.10/build/CMakeFiles/CMakeTmp”
Building C object CMakeFiles/cmTC_b5c67.dir/CheckIncludeFile.c.o
/usr/bin/cc    -o CMakeFiles/cmTC_b5c67.dir/CheckIncludeFile.c.o   -c /home/zhbit/zhbit_vision-v1.1/Zhbit_Vision_Aim/Buff/lib/fftw-3.3.10/build/CMakeFiles/CMakeTmp/CheckIncludeFile.c
Linking C executable cmTC_b5c67
/usr/bin/cmake -E cmake_link_script CMakeFiles/cmTC_b5c67.dir/link.txt --verbose=1
/usr/bin/cc      -rdynamic CMakeFiles/cmTC_b5c67.dir/CheckIncludeFile.c.o  -o cmTC_b5c67 
make[1]: 离开目录“/home/zhbit/zhbit_vision-v1.1/Zhbit_Vision_Aim/Buff/lib/fftw-3.3.10/build/CMakeFiles/CMakeTmp”


Determining if the include file stddef.h exists passed with the following output:
Change Dir: /home/zhbit/zhbit_vision-v1.1/Zhbit_Vision_Aim/Buff/lib/fftw-3.3.10/build/CMakeFiles/CMakeTmp

Run Build Command:"/usr/bin/make" "cmTC_a468c/fast"
/usr/bin/make -f CMakeFiles/cmTC_a468c.dir/build.make CMakeFiles/cmTC_a468c.dir/build
make[1]: 进入目录“/home/zhbit/zhbit_vision-v1.1/Zhbit_Vision_Aim/Buff/lib/fftw-3.3.10/build/CMakeFiles/CMakeTmp”
Building C object CMakeFiles/cmTC_a468c.dir/CheckIncludeFile.c.o
/usr/bin/cc    -o CMakeFiles/cmTC_a468c.dir/CheckIncludeFile.c.o   -c /home/zhbit/zhbit_vision-v1.1/Zhbit_Vision_Aim/Buff/lib/fftw-3.3.10/build/CMakeFiles/CMakeTmp/CheckIncludeFile.c
Linking C executable cmTC_a468c
/usr/bin/cmake -E cmake_link_script CMakeFiles/cmTC_a468c.dir/link.txt --verbose=1
/usr/bin/cc      -rdynamic CMakeFiles/cmTC_a468c.dir/CheckIncludeFile.c.o  -o cmTC_a468c 
make[1]: 离开目录“/home/zhbit/zhbit_vision-v1.1/Zhbit_Vision_Aim/Buff/lib/fftw-3.3.10/build/CMakeFiles/CMakeTmp”


Determining if the include file stdint.h exists passed with the following output:
Change Dir: /home/zhbit/zhbit_vision-v1.1/Zhbit_Vision_Aim/Buff/lib/fftw-3.3.10/build/CMakeFiles/CMakeTmp

Run Build Command:"/usr/bin/make" "cmTC_aa5a7/fast"
/usr/bin/make -f CMakeFiles/cmTC_aa5a7.dir/build.make CMakeFiles/cmTC_aa5a7.dir/build
make[1]: 进入目录“/home/zhbit/zhbit_vision-v1.1/Zhbit_Vision_Aim/Buff/lib/fftw-3.3.10/build/CMakeFiles/CMakeTmp”
Building C object CMakeFiles/cmTC_aa5a7.dir/CheckIncludeFile.c.o
/usr/bin/cc    -o CMakeFiles/cmTC_aa5a7.dir/CheckIncludeFile.c.o   -c /home/zhbit/zhbit_vision-v1.1/Zhbit_Vision_Aim/Buff/lib/fftw-3.3.10/build/CMakeFiles/CMakeTmp/CheckIncludeFile.c
Linking C executable cmTC_aa5a7
/usr/bin/cmake -E cmake_link_script CMakeFiles/cmTC_aa5a7.dir/link.txt --verbose=1
/usr/bin/cc      -rdynamic CMakeFiles/cmTC_aa5a7.dir/CheckIncludeFile.c.o  -o cmTC_aa5a7 
make[1]: 离开目录“/home/zhbit/zhbit_vision-v1.1/Zhbit_Vision_Aim/Buff/lib/fftw-3.3.10/build/CMakeFiles/CMakeTmp”


Determining if the include file stdlib.h exists passed with the following output:
Change Dir: /home/zhbit/zhbit_vision-v1.1/Zhbit_Vision_Aim/Buff/lib/fftw-3.3.10/build/CMakeFiles/CMakeTmp

Run Build Command:"/usr/bin/make" "cmTC_f738d/fast"
/usr/bin/make -f CMakeFiles/cmTC_f738d.dir/build.make CMakeFiles/cmTC_f738d.dir/build
make[1]: 进入目录“/home/zhbit/zhbit_vision-v1.1/Zhbit_Vision_Aim/Buff/lib/fftw-3.3.10/build/CMakeFiles/CMakeTmp”
Building C object CMakeFiles/cmTC_f738d.dir/CheckIncludeFile.c.o
/usr/bin/cc    -o CMakeFiles/cmTC_f738d.dir/CheckIncludeFile.c.o   -c /home/zhbit/zhbit_vision-v1.1/Zhbit_Vision_Aim/Buff/lib/fftw-3.3.10/build/CMakeFiles/CMakeTmp/CheckIncludeFile.c
Linking C executable cmTC_f738d
/usr/bin/cmake -E cmake_link_script CMakeFiles/cmTC_f738d.dir/link.txt --verbose=1
/usr/bin/cc      -rdynamic CMakeFiles/cmTC_f738d.dir/CheckIncludeFile.c.o  -o cmTC_f738d 
make[1]: 离开目录“/home/zhbit/zhbit_vision-v1.1/Zhbit_Vision_Aim/Buff/lib/fftw-3.3.10/build/CMakeFiles/CMakeTmp”


Determining if the include file string.h exists passed with the following output:
Change Dir: /home/zhbit/zhbit_vision-v1.1/Zhbit_Vision_Aim/Buff/lib/fftw-3.3.10/build/CMakeFiles/CMakeTmp

Run Build Command:"/usr/bin/make" "cmTC_d8680/fast"
/usr/bin/make -f CMakeFiles/cmTC_d8680.dir/build.make CMakeFiles/cmTC_d8680.dir/build
make[1]: 进入目录“/home/zhbit/zhbit_vision-v1.1/Zhbit_Vision_Aim/Buff/lib/fftw-3.3.10/build/CMakeFiles/CMakeTmp”
Building C object CMakeFiles/cmTC_d8680.dir/CheckIncludeFile.c.o
/usr/bin/cc    -o CMakeFiles/cmTC_d8680.dir/CheckIncludeFile.c.o   -c /home/zhbit/zhbit_vision-v1.1/Zhbit_Vision_Aim/Buff/lib/fftw-3.3.10/build/CMakeFiles/CMakeTmp/CheckIncludeFile.c
Linking C executable cmTC_d8680
/usr/bin/cmake -E cmake_link_script CMakeFiles/cmTC_d8680.dir/link.txt --verbose=1
/usr/bin/cc      -rdynamic CMakeFiles/cmTC_d8680.dir/CheckIncludeFile.c.o  -o cmTC_d8680 
make[1]: 离开目录“/home/zhbit/zhbit_vision-v1.1/Zhbit_Vision_Aim/Buff/lib/fftw-3.3.10/build/CMakeFiles/CMakeTmp”


Determining if the include file strings.h exists passed with the following output:
Change Dir: /home/zhbit/zhbit_vision-v1.1/Zhbit_Vision_Aim/Buff/lib/fftw-3.3.10/build/CMakeFiles/CMakeTmp

Run Build Command:"/usr/bin/make" "cmTC_5e32a/fast"
/usr/bin/make -f CMakeFiles/cmTC_5e32a.dir/build.make CMakeFiles/cmTC_5e32a.dir/build
make[1]: 进入目录“/home/zhbit/zhbit_vision-v1.1/Zhbit_Vision_Aim/Buff/lib/fftw-3.3.10/build/CMakeFiles/CMakeTmp”
Building C object CMakeFiles/cmTC_5e32a.dir/CheckIncludeFile.c.o
/usr/bin/cc    -o CMakeFiles/cmTC_5e32a.dir/CheckIncludeFile.c.o   -c /home/zhbit/zhbit_vision-v1.1/Zhbit_Vision_Aim/Buff/lib/fftw-3.3.10/build/CMakeFiles/CMakeTmp/CheckIncludeFile.c
Linking C executable cmTC_5e32a
/usr/bin/cmake -E cmake_link_script CMakeFiles/cmTC_5e32a.dir/link.txt --verbose=1
/usr/bin/cc      -rdynamic CMakeFiles/cmTC_5e32a.dir/CheckIncludeFile.c.o  -o cmTC_5e32a 
make[1]: 离开目录“/home/zhbit/zhbit_vision-v1.1/Zhbit_Vision_Aim/Buff/lib/fftw-3.3.10/build/CMakeFiles/CMakeTmp”


Determining if the include file sys/types.h exists passed with the following output:
Change Dir: /home/zhbit/zhbit_vision-v1.1/Zhbit_Vision_Aim/Buff/lib/fftw-3.3.10/build/CMakeFiles/CMakeTmp

Run Build Command:"/usr/bin/make" "cmTC_373b1/fast"
/usr/bin/make -f CMakeFiles/cmTC_373b1.dir/build.make CMakeFiles/cmTC_373b1.dir/build
make[1]: 进入目录“/home/zhbit/zhbit_vision-v1.1/Zhbit_Vision_Aim/Buff/lib/fftw-3.3.10/build/CMakeFiles/CMakeTmp”
Building C object CMakeFiles/cmTC_373b1.dir/CheckIncludeFile.c.o
/usr/bin/cc    -o CMakeFiles/cmTC_373b1.dir/CheckIncludeFile.c.o   -c /home/zhbit/zhbit_vision-v1.1/Zhbit_Vision_Aim/Buff/lib/fftw-3.3.10/build/CMakeFiles/CMakeTmp/CheckIncludeFile.c
Linking C executable cmTC_373b1
/usr/bin/cmake -E cmake_link_script CMakeFiles/cmTC_373b1.dir/link.txt --verbose=1
/usr/bin/cc      -rdynamic CMakeFiles/cmTC_373b1.dir/CheckIncludeFile.c.o  -o cmTC_373b1 
make[1]: 离开目录“/home/zhbit/zhbit_vision-v1.1/Zhbit_Vision_Aim/Buff/lib/fftw-3.3.10/build/CMakeFiles/CMakeTmp”


Determining if the include file sys/time.h exists passed with the following output:
Change Dir: /home/zhbit/zhbit_vision-v1.1/Zhbit_Vision_Aim/Buff/lib/fftw-3.3.10/build/CMakeFiles/CMakeTmp

Run Build Command:"/usr/bin/make" "cmTC_b09d8/fast"
/usr/bin/make -f CMakeFiles/cmTC_b09d8.dir/build.make CMakeFiles/cmTC_b09d8.dir/build
make[1]: 进入目录“/home/zhbit/zhbit_vision-v1.1/Zhbit_Vision_Aim/Buff/lib/fftw-3.3.10/build/CMakeFiles/CMakeTmp”
Building C object CMakeFiles/cmTC_b09d8.dir/CheckIncludeFile.c.o
/usr/bin/cc    -o CMakeFiles/cmTC_b09d8.dir/CheckIncludeFile.c.o   -c /home/zhbit/zhbit_vision-v1.1/Zhbit_Vision_Aim/Buff/lib/fftw-3.3.10/build/CMakeFiles/CMakeTmp/CheckIncludeFile.c
Linking C executable cmTC_b09d8
/usr/bin/cmake -E cmake_link_script CMakeFiles/cmTC_b09d8.dir/link.txt --verbose=1
/usr/bin/cc      -rdynamic CMakeFiles/cmTC_b09d8.dir/CheckIncludeFile.c.o  -o cmTC_b09d8 
make[1]: 离开目录“/home/zhbit/zhbit_vision-v1.1/Zhbit_Vision_Aim/Buff/lib/fftw-3.3.10/build/CMakeFiles/CMakeTmp”


Determining if the include file sys/stat.h exists passed with the following output:
Change Dir: /home/zhbit/zhbit_vision-v1.1/Zhbit_Vision_Aim/Buff/lib/fftw-3.3.10/build/CMakeFiles/CMakeTmp

Run Build Command:"/usr/bin/make" "cmTC_ae013/fast"
/usr/bin/make -f CMakeFiles/cmTC_ae013.dir/build.make CMakeFiles/cmTC_ae013.dir/build
make[1]: 进入目录“/home/zhbit/zhbit_vision-v1.1/Zhbit_Vision_Aim/Buff/lib/fftw-3.3.10/build/CMakeFiles/CMakeTmp”
Building C object CMakeFiles/cmTC_ae013.dir/CheckIncludeFile.c.o
/usr/bin/cc    -o CMakeFiles/cmTC_ae013.dir/CheckIncludeFile.c.o   -c /home/zhbit/zhbit_vision-v1.1/Zhbit_Vision_Aim/Buff/lib/fftw-3.3.10/build/CMakeFiles/CMakeTmp/CheckIncludeFile.c
Linking C executable cmTC_ae013
/usr/bin/cmake -E cmake_link_script CMakeFiles/cmTC_ae013.dir/link.txt --verbose=1
/usr/bin/cc      -rdynamic CMakeFiles/cmTC_ae013.dir/CheckIncludeFile.c.o  -o cmTC_ae013 
make[1]: 离开目录“/home/zhbit/zhbit_vision-v1.1/Zhbit_Vision_Aim/Buff/lib/fftw-3.3.10/build/CMakeFiles/CMakeTmp”


Determining if the include file sys/sysctl.h exists passed with the following output:
Change Dir: /home/zhbit/zhbit_vision-v1.1/Zhbit_Vision_Aim/Buff/lib/fftw-3.3.10/build/CMakeFiles/CMakeTmp

Run Build Command:"/usr/bin/make" "cmTC_3a990/fast"
/usr/bin/make -f CMakeFiles/cmTC_3a990.dir/build.make CMakeFiles/cmTC_3a990.dir/build
make[1]: 进入目录“/home/zhbit/zhbit_vision-v1.1/Zhbit_Vision_Aim/Buff/lib/fftw-3.3.10/build/CMakeFiles/CMakeTmp”
Building C object CMakeFiles/cmTC_3a990.dir/CheckIncludeFile.c.o
/usr/bin/cc    -o CMakeFiles/cmTC_3a990.dir/CheckIncludeFile.c.o   -c /home/zhbit/zhbit_vision-v1.1/Zhbit_Vision_Aim/Buff/lib/fftw-3.3.10/build/CMakeFiles/CMakeTmp/CheckIncludeFile.c
Linking C executable cmTC_3a990
/usr/bin/cmake -E cmake_link_script CMakeFiles/cmTC_3a990.dir/link.txt --verbose=1
/usr/bin/cc      -rdynamic CMakeFiles/cmTC_3a990.dir/CheckIncludeFile.c.o  -o cmTC_3a990 
make[1]: 离开目录“/home/zhbit/zhbit_vision-v1.1/Zhbit_Vision_Aim/Buff/lib/fftw-3.3.10/build/CMakeFiles/CMakeTmp”


Determining if the include file time.h exists passed with the following output:
Change Dir: /home/zhbit/zhbit_vision-v1.1/Zhbit_Vision_Aim/Buff/lib/fftw-3.3.10/build/CMakeFiles/CMakeTmp

Run Build Command:"/usr/bin/make" "cmTC_c8cec/fast"
/usr/bin/make -f CMakeFiles/cmTC_c8cec.dir/build.make CMakeFiles/cmTC_c8cec.dir/build
make[1]: 进入目录“/home/zhbit/zhbit_vision-v1.1/Zhbit_Vision_Aim/Buff/lib/fftw-3.3.10/build/CMakeFiles/CMakeTmp”
Building C object CMakeFiles/cmTC_c8cec.dir/CheckIncludeFile.c.o
/usr/bin/cc    -o CMakeFiles/cmTC_c8cec.dir/CheckIncludeFile.c.o   -c /home/zhbit/zhbit_vision-v1.1/Zhbit_Vision_Aim/Buff/lib/fftw-3.3.10/build/CMakeFiles/CMakeTmp/CheckIncludeFile.c
Linking C executable cmTC_c8cec
/usr/bin/cmake -E cmake_link_script CMakeFiles/cmTC_c8cec.dir/link.txt --verbose=1
/usr/bin/cc      -rdynamic CMakeFiles/cmTC_c8cec.dir/CheckIncludeFile.c.o  -o cmTC_c8cec 
make[1]: 离开目录“/home/zhbit/zhbit_vision-v1.1/Zhbit_Vision_Aim/Buff/lib/fftw-3.3.10/build/CMakeFiles/CMakeTmp”


Determining if the include file unistd.h exists passed with the following output:
Change Dir: /home/zhbit/zhbit_vision-v1.1/Zhbit_Vision_Aim/Buff/lib/fftw-3.3.10/build/CMakeFiles/CMakeTmp

Run Build Command:"/usr/bin/make" "cmTC_c9af7/fast"
/usr/bin/make -f CMakeFiles/cmTC_c9af7.dir/build.make CMakeFiles/cmTC_c9af7.dir/build
make[1]: 进入目录“/home/zhbit/zhbit_vision-v1.1/Zhbit_Vision_Aim/Buff/lib/fftw-3.3.10/build/CMakeFiles/CMakeTmp”
Building C object CMakeFiles/cmTC_c9af7.dir/CheckIncludeFile.c.o
/usr/bin/cc    -o CMakeFiles/cmTC_c9af7.dir/CheckIncludeFile.c.o   -c /home/zhbit/zhbit_vision-v1.1/Zhbit_Vision_Aim/Buff/lib/fftw-3.3.10/build/CMakeFiles/CMakeTmp/CheckIncludeFile.c
Linking C executable cmTC_c9af7
/usr/bin/cmake -E cmake_link_script CMakeFiles/cmTC_c9af7.dir/link.txt --verbose=1
/usr/bin/cc      -rdynamic CMakeFiles/cmTC_c9af7.dir/CheckIncludeFile.c.o  -o cmTC_c9af7 
make[1]: 离开目录“/home/zhbit/zhbit_vision-v1.1/Zhbit_Vision_Aim/Buff/lib/fftw-3.3.10/build/CMakeFiles/CMakeTmp”


Determining if the prototype drand48 exists for HAVE_DECL_DRAND48 passed with the following output:
Change Dir: /home/zhbit/zhbit_vision-v1.1/Zhbit_Vision_Aim/Buff/lib/fftw-3.3.10/build/CMakeFiles/CMakeTmp

Run Build Command:"/usr/bin/make" "cmTC_13329/fast"
/usr/bin/make -f CMakeFiles/cmTC_13329.dir/build.make CMakeFiles/cmTC_13329.dir/build
make[1]: 进入目录“/home/zhbit/zhbit_vision-v1.1/Zhbit_Vision_Aim/Buff/lib/fftw-3.3.10/build/CMakeFiles/CMakeTmp”
Building C object CMakeFiles/cmTC_13329.dir/CheckPrototypeDefinition.c.o
/usr/bin/cc    -o CMakeFiles/cmTC_13329.dir/CheckPrototypeDefinition.c.o   -c /home/zhbit/zhbit_vision-v1.1/Zhbit_Vision_Aim/Buff/lib/fftw-3.3.10/build/CMakeFiles/CMakeTmp/CheckPrototypeDefinition.c
Linking C executable cmTC_13329
/usr/bin/cmake -E cmake_link_script CMakeFiles/cmTC_13329.dir/link.txt --verbose=1
/usr/bin/cc      -rdynamic CMakeFiles/cmTC_13329.dir/CheckPrototypeDefinition.c.o  -o cmTC_13329 
make[1]: 离开目录“/home/zhbit/zhbit_vision-v1.1/Zhbit_Vision_Aim/Buff/lib/fftw-3.3.10/build/CMakeFiles/CMakeTmp”


Determining if the prototype srand48 exists for HAVE_DECL_SRAND48 passed with the following output:
Change Dir: /home/zhbit/zhbit_vision-v1.1/Zhbit_Vision_Aim/Buff/lib/fftw-3.3.10/build/CMakeFiles/CMakeTmp

Run Build Command:"/usr/bin/make" "cmTC_5835f/fast"
/usr/bin/make -f CMakeFiles/cmTC_5835f.dir/build.make CMakeFiles/cmTC_5835f.dir/build
make[1]: 进入目录“/home/zhbit/zhbit_vision-v1.1/Zhbit_Vision_Aim/Buff/lib/fftw-3.3.10/build/CMakeFiles/CMakeTmp”
Building C object CMakeFiles/cmTC_5835f.dir/CheckPrototypeDefinition.c.o
/usr/bin/cc    -o CMakeFiles/cmTC_5835f.dir/CheckPrototypeDefinition.c.o   -c /home/zhbit/zhbit_vision-v1.1/Zhbit_Vision_Aim/Buff/lib/fftw-3.3.10/build/CMakeFiles/CMakeTmp/CheckPrototypeDefinition.c
/home/zhbit/zhbit_vision-v1.1/Zhbit_Vision_Aim/Buff/lib/fftw-3.3.10/build/CMakeFiles/CMakeTmp/CheckPrototypeDefinition.c: In function ‘srand48’:
/home/zhbit/zhbit_vision-v1.1/Zhbit_Vision_Aim/Buff/lib/fftw-3.3.10/build/CMakeFiles/CMakeTmp/CheckPrototypeDefinition.c:15:10: warning: ‘return’ with a value, in function returning void
   return 0;
          ^
In file included from /home/zhbit/zhbit_vision-v1.1/Zhbit_Vision_Aim/Buff/lib/fftw-3.3.10/build/CMakeFiles/CMakeTmp/CheckPrototypeDefinition.c:1:0:
/usr/include/stdlib.h:481:13: note: declared here
 extern void srand48 (long int __seedval) __THROW;
             ^~~~~~~
Linking C executable cmTC_5835f
/usr/bin/cmake -E cmake_link_script CMakeFiles/cmTC_5835f.dir/link.txt --verbose=1
/usr/bin/cc      -rdynamic CMakeFiles/cmTC_5835f.dir/CheckPrototypeDefinition.c.o  -o cmTC_5835f 
make[1]: 离开目录“/home/zhbit/zhbit_vision-v1.1/Zhbit_Vision_Aim/Buff/lib/fftw-3.3.10/build/CMakeFiles/CMakeTmp”


Determining if the prototype cosl exists for HAVE_DECL_COSL passed with the following output:
Change Dir: /home/zhbit/zhbit_vision-v1.1/Zhbit_Vision_Aim/Buff/lib/fftw-3.3.10/build/CMakeFiles/CMakeTmp

Run Build Command:"/usr/bin/make" "cmTC_f686e/fast"
/usr/bin/make -f CMakeFiles/cmTC_f686e.dir/build.make CMakeFiles/cmTC_f686e.dir/build
make[1]: 进入目录“/home/zhbit/zhbit_vision-v1.1/Zhbit_Vision_Aim/Buff/lib/fftw-3.3.10/build/CMakeFiles/CMakeTmp”
Building C object CMakeFiles/cmTC_f686e.dir/CheckPrototypeDefinition.c.o
/usr/bin/cc    -o CMakeFiles/cmTC_f686e.dir/CheckPrototypeDefinition.c.o   -c /home/zhbit/zhbit_vision-v1.1/Zhbit_Vision_Aim/Buff/lib/fftw-3.3.10/build/CMakeFiles/CMakeTmp/CheckPrototypeDefinition.c
Linking C executable cmTC_f686e
/usr/bin/cmake -E cmake_link_script CMakeFiles/cmTC_f686e.dir/link.txt --verbose=1
/usr/bin/cc      -rdynamic CMakeFiles/cmTC_f686e.dir/CheckPrototypeDefinition.c.o  -o cmTC_f686e 
make[1]: 离开目录“/home/zhbit/zhbit_vision-v1.1/Zhbit_Vision_Aim/Buff/lib/fftw-3.3.10/build/CMakeFiles/CMakeTmp”


Determining if the prototype sinl exists for HAVE_DECL_SINL passed with the following output:
Change Dir: /home/zhbit/zhbit_vision-v1.1/Zhbit_Vision_Aim/Buff/lib/fftw-3.3.10/build/CMakeFiles/CMakeTmp

Run Build Command:"/usr/bin/make" "cmTC_03635/fast"
/usr/bin/make -f CMakeFiles/cmTC_03635.dir/build.make CMakeFiles/cmTC_03635.dir/build
make[1]: 进入目录“/home/zhbit/zhbit_vision-v1.1/Zhbit_Vision_Aim/Buff/lib/fftw-3.3.10/build/CMakeFiles/CMakeTmp”
Building C object CMakeFiles/cmTC_03635.dir/CheckPrototypeDefinition.c.o
/usr/bin/cc    -o CMakeFiles/cmTC_03635.dir/CheckPrototypeDefinition.c.o   -c /home/zhbit/zhbit_vision-v1.1/Zhbit_Vision_Aim/Buff/lib/fftw-3.3.10/build/CMakeFiles/CMakeTmp/CheckPrototypeDefinition.c
Linking C executable cmTC_03635
/usr/bin/cmake -E cmake_link_script CMakeFiles/cmTC_03635.dir/link.txt --verbose=1
/usr/bin/cc      -rdynamic CMakeFiles/cmTC_03635.dir/CheckPrototypeDefinition.c.o  -o cmTC_03635 
make[1]: 离开目录“/home/zhbit/zhbit_vision-v1.1/Zhbit_Vision_Aim/Buff/lib/fftw-3.3.10/build/CMakeFiles/CMakeTmp”


Determining if the prototype memalign exists for HAVE_DECL_MEMALIGN passed with the following output:
Change Dir: /home/zhbit/zhbit_vision-v1.1/Zhbit_Vision_Aim/Buff/lib/fftw-3.3.10/build/CMakeFiles/CMakeTmp

Run Build Command:"/usr/bin/make" "cmTC_5ce10/fast"
/usr/bin/make -f CMakeFiles/cmTC_5ce10.dir/build.make CMakeFiles/cmTC_5ce10.dir/build
make[1]: 进入目录“/home/zhbit/zhbit_vision-v1.1/Zhbit_Vision_Aim/Buff/lib/fftw-3.3.10/build/CMakeFiles/CMakeTmp”
Building C object CMakeFiles/cmTC_5ce10.dir/CheckPrototypeDefinition.c.o
/usr/bin/cc    -o CMakeFiles/cmTC_5ce10.dir/CheckPrototypeDefinition.c.o   -c /home/zhbit/zhbit_vision-v1.1/Zhbit_Vision_Aim/Buff/lib/fftw-3.3.10/build/CMakeFiles/CMakeTmp/CheckPrototypeDefinition.c
Linking C executable cmTC_5ce10
/usr/bin/cmake -E cmake_link_script CMakeFiles/cmTC_5ce10.dir/link.txt --verbose=1
/usr/bin/cc      -rdynamic CMakeFiles/cmTC_5ce10.dir/CheckPrototypeDefinition.c.o  -o cmTC_5ce10 
make[1]: 离开目录“/home/zhbit/zhbit_vision-v1.1/Zhbit_Vision_Aim/Buff/lib/fftw-3.3.10/build/CMakeFiles/CMakeTmp”


Determining if the prototype posix_memalign exists for HAVE_DECL_POSIX_MEMALIGN passed with the following output:
Change Dir: /home/zhbit/zhbit_vision-v1.1/Zhbit_Vision_Aim/Buff/lib/fftw-3.3.10/build/CMakeFiles/CMakeTmp

Run Build Command:"/usr/bin/make" "cmTC_7183c/fast"
/usr/bin/make -f CMakeFiles/cmTC_7183c.dir/build.make CMakeFiles/cmTC_7183c.dir/build
make[1]: 进入目录“/home/zhbit/zhbit_vision-v1.1/Zhbit_Vision_Aim/Buff/lib/fftw-3.3.10/build/CMakeFiles/CMakeTmp”
Building C object CMakeFiles/cmTC_7183c.dir/CheckPrototypeDefinition.c.o
/usr/bin/cc    -o CMakeFiles/cmTC_7183c.dir/CheckPrototypeDefinition.c.o   -c /home/zhbit/zhbit_vision-v1.1/Zhbit_Vision_Aim/Buff/lib/fftw-3.3.10/build/CMakeFiles/CMakeTmp/CheckPrototypeDefinition.c
Linking C executable cmTC_7183c
/usr/bin/cmake -E cmake_link_script CMakeFiles/cmTC_7183c.dir/link.txt --verbose=1
/usr/bin/cc      -rdynamic CMakeFiles/cmTC_7183c.dir/CheckPrototypeDefinition.c.o  -o cmTC_7183c 
make[1]: 离开目录“/home/zhbit/zhbit_vision-v1.1/Zhbit_Vision_Aim/Buff/lib/fftw-3.3.10/build/CMakeFiles/CMakeTmp”


Determining if the clock_gettime exist passed with the following output:
Change Dir: /home/zhbit/zhbit_vision-v1.1/Zhbit_Vision_Aim/Buff/lib/fftw-3.3.10/build/CMakeFiles/CMakeTmp

Run Build Command:"/usr/bin/make" "cmTC_c3f72/fast"
/usr/bin/make -f CMakeFiles/cmTC_c3f72.dir/build.make CMakeFiles/cmTC_c3f72.dir/build
make[1]: 进入目录“/home/zhbit/zhbit_vision-v1.1/Zhbit_Vision_Aim/Buff/lib/fftw-3.3.10/build/CMakeFiles/CMakeTmp”
Building C object CMakeFiles/cmTC_c3f72.dir/CheckSymbolExists.c.o
/usr/bin/cc    -o CMakeFiles/cmTC_c3f72.dir/CheckSymbolExists.c.o   -c /home/zhbit/zhbit_vision-v1.1/Zhbit_Vision_Aim/Buff/lib/fftw-3.3.10/build/CMakeFiles/CMakeTmp/CheckSymbolExists.c
Linking C executable cmTC_c3f72
/usr/bin/cmake -E cmake_link_script CMakeFiles/cmTC_c3f72.dir/link.txt --verbose=1
/usr/bin/cc      -rdynamic CMakeFiles/cmTC_c3f72.dir/CheckSymbolExists.c.o  -o cmTC_c3f72 
make[1]: 离开目录“/home/zhbit/zhbit_vision-v1.1/Zhbit_Vision_Aim/Buff/lib/fftw-3.3.10/build/CMakeFiles/CMakeTmp”

File /home/zhbit/zhbit_vision-v1.1/Zhbit_Vision_Aim/Buff/lib/fftw-3.3.10/build/CMakeFiles/CMakeTmp/CheckSymbolExists.c:
/* */
#include <time.h>

int main(int argc, char** argv)
{
  (void)argv;
#ifndef clock_gettime
  return ((int*)(&clock_gettime))[argc];
#else
  (void)argc;
  return 0;
#endif
}

Determining if the gettimeofday exist passed with the following output:
Change Dir: /home/zhbit/zhbit_vision-v1.1/Zhbit_Vision_Aim/Buff/lib/fftw-3.3.10/build/CMakeFiles/CMakeTmp

Run Build Command:"/usr/bin/make" "cmTC_94901/fast"
/usr/bin/make -f CMakeFiles/cmTC_94901.dir/build.make CMakeFiles/cmTC_94901.dir/build
make[1]: 进入目录“/home/zhbit/zhbit_vision-v1.1/Zhbit_Vision_Aim/Buff/lib/fftw-3.3.10/build/CMakeFiles/CMakeTmp”
Building C object CMakeFiles/cmTC_94901.dir/CheckSymbolExists.c.o
/usr/bin/cc    -o CMakeFiles/cmTC_94901.dir/CheckSymbolExists.c.o   -c /home/zhbit/zhbit_vision-v1.1/Zhbit_Vision_Aim/Buff/lib/fftw-3.3.10/build/CMakeFiles/CMakeTmp/CheckSymbolExists.c
Linking C executable cmTC_94901
/usr/bin/cmake -E cmake_link_script CMakeFiles/cmTC_94901.dir/link.txt --verbose=1
/usr/bin/cc      -rdynamic CMakeFiles/cmTC_94901.dir/CheckSymbolExists.c.o  -o cmTC_94901 
make[1]: 离开目录“/home/zhbit/zhbit_vision-v1.1/Zhbit_Vision_Aim/Buff/lib/fftw-3.3.10/build/CMakeFiles/CMakeTmp”

File /home/zhbit/zhbit_vision-v1.1/Zhbit_Vision_Aim/Buff/lib/fftw-3.3.10/build/CMakeFiles/CMakeTmp/CheckSymbolExists.c:
/* */
#include <sys/time.h>

int main(int argc, char** argv)
{
  (void)argv;
#ifndef gettimeofday
  return ((int*)(&gettimeofday))[argc];
#else
  (void)argc;
  return 0;
#endif
}

Determining if the getpagesize exist passed with the following output:
Change Dir: /home/zhbit/zhbit_vision-v1.1/Zhbit_Vision_Aim/Buff/lib/fftw-3.3.10/build/CMakeFiles/CMakeTmp

Run Build Command:"/usr/bin/make" "cmTC_04e4d/fast"
/usr/bin/make -f CMakeFiles/cmTC_04e4d.dir/build.make CMakeFiles/cmTC_04e4d.dir/build
make[1]: 进入目录“/home/zhbit/zhbit_vision-v1.1/Zhbit_Vision_Aim/Buff/lib/fftw-3.3.10/build/CMakeFiles/CMakeTmp”
Building C object CMakeFiles/cmTC_04e4d.dir/CheckSymbolExists.c.o
/usr/bin/cc    -o CMakeFiles/cmTC_04e4d.dir/CheckSymbolExists.c.o   -c /home/zhbit/zhbit_vision-v1.1/Zhbit_Vision_Aim/Buff/lib/fftw-3.3.10/build/CMakeFiles/CMakeTmp/CheckSymbolExists.c
Linking C executable cmTC_04e4d
/usr/bin/cmake -E cmake_link_script CMakeFiles/cmTC_04e4d.dir/link.txt --verbose=1
/usr/bin/cc      -rdynamic CMakeFiles/cmTC_04e4d.dir/CheckSymbolExists.c.o  -o cmTC_04e4d 
make[1]: 离开目录“/home/zhbit/zhbit_vision-v1.1/Zhbit_Vision_Aim/Buff/lib/fftw-3.3.10/build/CMakeFiles/CMakeTmp”

File /home/zhbit/zhbit_vision-v1.1/Zhbit_Vision_Aim/Buff/lib/fftw-3.3.10/build/CMakeFiles/CMakeTmp/CheckSymbolExists.c:
/* */
#include <unistd.h>

int main(int argc, char** argv)
{
  (void)argv;
#ifndef getpagesize
  return ((int*)(&getpagesize))[argc];
#else
  (void)argc;
  return 0;
#endif
}

Determining if the drand48 exist passed with the following output:
Change Dir: /home/zhbit/zhbit_vision-v1.1/Zhbit_Vision_Aim/Buff/lib/fftw-3.3.10/build/CMakeFiles/CMakeTmp

Run Build Command:"/usr/bin/make" "cmTC_cd81f/fast"
/usr/bin/make -f CMakeFiles/cmTC_cd81f.dir/build.make CMakeFiles/cmTC_cd81f.dir/build
make[1]: 进入目录“/home/zhbit/zhbit_vision-v1.1/Zhbit_Vision_Aim/Buff/lib/fftw-3.3.10/build/CMakeFiles/CMakeTmp”
Building C object CMakeFiles/cmTC_cd81f.dir/CheckSymbolExists.c.o
/usr/bin/cc    -o CMakeFiles/cmTC_cd81f.dir/CheckSymbolExists.c.o   -c /home/zhbit/zhbit_vision-v1.1/Zhbit_Vision_Aim/Buff/lib/fftw-3.3.10/build/CMakeFiles/CMakeTmp/CheckSymbolExists.c
Linking C executable cmTC_cd81f
/usr/bin/cmake -E cmake_link_script CMakeFiles/cmTC_cd81f.dir/link.txt --verbose=1
/usr/bin/cc      -rdynamic CMakeFiles/cmTC_cd81f.dir/CheckSymbolExists.c.o  -o cmTC_cd81f 
make[1]: 离开目录“/home/zhbit/zhbit_vision-v1.1/Zhbit_Vision_Aim/Buff/lib/fftw-3.3.10/build/CMakeFiles/CMakeTmp”

File /home/zhbit/zhbit_vision-v1.1/Zhbit_Vision_Aim/Buff/lib/fftw-3.3.10/build/CMakeFiles/CMakeTmp/CheckSymbolExists.c:
/* */
#include <stdlib.h>

int main(int argc, char** argv)
{
  (void)argv;
#ifndef drand48
  return ((int*)(&drand48))[argc];
#else
  (void)argc;
  return 0;
#endif
}

Determining if the srand48 exist passed with the following output:
Change Dir: /home/zhbit/zhbit_vision-v1.1/Zhbit_Vision_Aim/Buff/lib/fftw-3.3.10/build/CMakeFiles/CMakeTmp

Run Build Command:"/usr/bin/make" "cmTC_b1720/fast"
/usr/bin/make -f CMakeFiles/cmTC_b1720.dir/build.make CMakeFiles/cmTC_b1720.dir/build
make[1]: 进入目录“/home/zhbit/zhbit_vision-v1.1/Zhbit_Vision_Aim/Buff/lib/fftw-3.3.10/build/CMakeFiles/CMakeTmp”
Building C object CMakeFiles/cmTC_b1720.dir/CheckSymbolExists.c.o
/usr/bin/cc    -o CMakeFiles/cmTC_b1720.dir/CheckSymbolExists.c.o   -c /home/zhbit/zhbit_vision-v1.1/Zhbit_Vision_Aim/Buff/lib/fftw-3.3.10/build/CMakeFiles/CMakeTmp/CheckSymbolExists.c
Linking C executable cmTC_b1720
/usr/bin/cmake -E cmake_link_script CMakeFiles/cmTC_b1720.dir/link.txt --verbose=1
/usr/bin/cc      -rdynamic CMakeFiles/cmTC_b1720.dir/CheckSymbolExists.c.o  -o cmTC_b1720 
make[1]: 离开目录“/home/zhbit/zhbit_vision-v1.1/Zhbit_Vision_Aim/Buff/lib/fftw-3.3.10/build/CMakeFiles/CMakeTmp”

File /home/zhbit/zhbit_vision-v1.1/Zhbit_Vision_Aim/Buff/lib/fftw-3.3.10/build/CMakeFiles/CMakeTmp/CheckSymbolExists.c:
/* */
#include <stdlib.h>

int main(int argc, char** argv)
{
  (void)argv;
#ifndef srand48
  return ((int*)(&srand48))[argc];
#else
  (void)argc;
  return 0;
#endif
}

Determining if the memalign exist passed with the following output:
Change Dir: /home/zhbit/zhbit_vision-v1.1/Zhbit_Vision_Aim/Buff/lib/fftw-3.3.10/build/CMakeFiles/CMakeTmp

Run Build Command:"/usr/bin/make" "cmTC_b3657/fast"
/usr/bin/make -f CMakeFiles/cmTC_b3657.dir/build.make CMakeFiles/cmTC_b3657.dir/build
make[1]: 进入目录“/home/zhbit/zhbit_vision-v1.1/Zhbit_Vision_Aim/Buff/lib/fftw-3.3.10/build/CMakeFiles/CMakeTmp”
Building C object CMakeFiles/cmTC_b3657.dir/CheckSymbolExists.c.o
/usr/bin/cc    -o CMakeFiles/cmTC_b3657.dir/CheckSymbolExists.c.o   -c /home/zhbit/zhbit_vision-v1.1/Zhbit_Vision_Aim/Buff/lib/fftw-3.3.10/build/CMakeFiles/CMakeTmp/CheckSymbolExists.c
Linking C executable cmTC_b3657
/usr/bin/cmake -E cmake_link_script CMakeFiles/cmTC_b3657.dir/link.txt --verbose=1
/usr/bin/cc      -rdynamic CMakeFiles/cmTC_b3657.dir/CheckSymbolExists.c.o  -o cmTC_b3657 
make[1]: 离开目录“/home/zhbit/zhbit_vision-v1.1/Zhbit_Vision_Aim/Buff/lib/fftw-3.3.10/build/CMakeFiles/CMakeTmp”

File /home/zhbit/zhbit_vision-v1.1/Zhbit_Vision_Aim/Buff/lib/fftw-3.3.10/build/CMakeFiles/CMakeTmp/CheckSymbolExists.c:
/* */
#include <malloc.h>

int main(int argc, char** argv)
{
  (void)argv;
#ifndef memalign
  return ((int*)(&memalign))[argc];
#else
  (void)argc;
  return 0;
#endif
}

Determining if the posix_memalign exist passed with the following output:
Change Dir: /home/zhbit/zhbit_vision-v1.1/Zhbit_Vision_Aim/Buff/lib/fftw-3.3.10/build/CMakeFiles/CMakeTmp

Run Build Command:"/usr/bin/make" "cmTC_81a07/fast"
/usr/bin/make -f CMakeFiles/cmTC_81a07.dir/build.make CMakeFiles/cmTC_81a07.dir/build
make[1]: 进入目录“/home/zhbit/zhbit_vision-v1.1/Zhbit_Vision_Aim/Buff/lib/fftw-3.3.10/build/CMakeFiles/CMakeTmp”
Building C object CMakeFiles/cmTC_81a07.dir/CheckSymbolExists.c.o
/usr/bin/cc    -o CMakeFiles/cmTC_81a07.dir/CheckSymbolExists.c.o   -c /home/zhbit/zhbit_vision-v1.1/Zhbit_Vision_Aim/Buff/lib/fftw-3.3.10/build/CMakeFiles/CMakeTmp/CheckSymbolExists.c
Linking C executable cmTC_81a07
/usr/bin/cmake -E cmake_link_script CMakeFiles/cmTC_81a07.dir/link.txt --verbose=1
/usr/bin/cc      -rdynamic CMakeFiles/cmTC_81a07.dir/CheckSymbolExists.c.o  -o cmTC_81a07 
make[1]: 离开目录“/home/zhbit/zhbit_vision-v1.1/Zhbit_Vision_Aim/Buff/lib/fftw-3.3.10/build/CMakeFiles/CMakeTmp”

File /home/zhbit/zhbit_vision-v1.1/Zhbit_Vision_Aim/Buff/lib/fftw-3.3.10/build/CMakeFiles/CMakeTmp/CheckSymbolExists.c:
/* */
#include <stdlib.h>

int main(int argc, char** argv)
{
  (void)argv;
#ifndef posix_memalign
  return ((int*)(&posix_memalign))[argc];
#else
  (void)argc;
  return 0;
#endif
}

Determining if the alloca exist passed with the following output:
Change Dir: /home/zhbit/zhbit_vision-v1.1/Zhbit_Vision_Aim/Buff/lib/fftw-3.3.10/build/CMakeFiles/CMakeTmp

Run Build Command:"/usr/bin/make" "cmTC_9ad21/fast"
/usr/bin/make -f CMakeFiles/cmTC_9ad21.dir/build.make CMakeFiles/cmTC_9ad21.dir/build
make[1]: 进入目录“/home/zhbit/zhbit_vision-v1.1/Zhbit_Vision_Aim/Buff/lib/fftw-3.3.10/build/CMakeFiles/CMakeTmp”
Building C object CMakeFiles/cmTC_9ad21.dir/CheckSymbolExists.c.o
/usr/bin/cc    -o CMakeFiles/cmTC_9ad21.dir/CheckSymbolExists.c.o   -c /home/zhbit/zhbit_vision-v1.1/Zhbit_Vision_Aim/Buff/lib/fftw-3.3.10/build/CMakeFiles/CMakeTmp/CheckSymbolExists.c
Linking C executable cmTC_9ad21
/usr/bin/cmake -E cmake_link_script CMakeFiles/cmTC_9ad21.dir/link.txt --verbose=1
/usr/bin/cc      -rdynamic CMakeFiles/cmTC_9ad21.dir/CheckSymbolExists.c.o  -o cmTC_9ad21 
make[1]: 离开目录“/home/zhbit/zhbit_vision-v1.1/Zhbit_Vision_Aim/Buff/lib/fftw-3.3.10/build/CMakeFiles/CMakeTmp”

File /home/zhbit/zhbit_vision-v1.1/Zhbit_Vision_Aim/Buff/lib/fftw-3.3.10/build/CMakeFiles/CMakeTmp/CheckSymbolExists.c:
/* */
#include <alloca.h>

int main(int argc, char** argv)
{
  (void)argv;
#ifndef alloca
  return ((int*)(&alloca))[argc];
#else
  (void)argc;
  return 0;
#endif
}

Determining if the isnan exist passed with the following output:
Change Dir: /home/zhbit/zhbit_vision-v1.1/Zhbit_Vision_Aim/Buff/lib/fftw-3.3.10/build/CMakeFiles/CMakeTmp

Run Build Command:"/usr/bin/make" "cmTC_5f192/fast"
/usr/bin/make -f CMakeFiles/cmTC_5f192.dir/build.make CMakeFiles/cmTC_5f192.dir/build
make[1]: 进入目录“/home/zhbit/zhbit_vision-v1.1/Zhbit_Vision_Aim/Buff/lib/fftw-3.3.10/build/CMakeFiles/CMakeTmp”
Building C object CMakeFiles/cmTC_5f192.dir/CheckSymbolExists.c.o
/usr/bin/cc    -o CMakeFiles/cmTC_5f192.dir/CheckSymbolExists.c.o   -c /home/zhbit/zhbit_vision-v1.1/Zhbit_Vision_Aim/Buff/lib/fftw-3.3.10/build/CMakeFiles/CMakeTmp/CheckSymbolExists.c
Linking C executable cmTC_5f192
/usr/bin/cmake -E cmake_link_script CMakeFiles/cmTC_5f192.dir/link.txt --verbose=1
/usr/bin/cc      -rdynamic CMakeFiles/cmTC_5f192.dir/CheckSymbolExists.c.o  -o cmTC_5f192 
make[1]: 离开目录“/home/zhbit/zhbit_vision-v1.1/Zhbit_Vision_Aim/Buff/lib/fftw-3.3.10/build/CMakeFiles/CMakeTmp”

File /home/zhbit/zhbit_vision-v1.1/Zhbit_Vision_Aim/Buff/lib/fftw-3.3.10/build/CMakeFiles/CMakeTmp/CheckSymbolExists.c:
/* */
#include <math.h>

int main(int argc, char** argv)
{
  (void)argv;
#ifndef isnan
  return ((int*)(&isnan))[argc];
#else
  (void)argc;
  return 0;
#endif
}

Determining if the snprintf exist passed with the following output:
Change Dir: /home/zhbit/zhbit_vision-v1.1/Zhbit_Vision_Aim/Buff/lib/fftw-3.3.10/build/CMakeFiles/CMakeTmp

Run Build Command:"/usr/bin/make" "cmTC_55fa3/fast"
/usr/bin/make -f CMakeFiles/cmTC_55fa3.dir/build.make CMakeFiles/cmTC_55fa3.dir/build
make[1]: 进入目录“/home/zhbit/zhbit_vision-v1.1/Zhbit_Vision_Aim/Buff/lib/fftw-3.3.10/build/CMakeFiles/CMakeTmp”
Building C object CMakeFiles/cmTC_55fa3.dir/CheckSymbolExists.c.o
/usr/bin/cc    -o CMakeFiles/cmTC_55fa3.dir/CheckSymbolExists.c.o   -c /home/zhbit/zhbit_vision-v1.1/Zhbit_Vision_Aim/Buff/lib/fftw-3.3.10/build/CMakeFiles/CMakeTmp/CheckSymbolExists.c
Linking C executable cmTC_55fa3
/usr/bin/cmake -E cmake_link_script CMakeFiles/cmTC_55fa3.dir/link.txt --verbose=1
/usr/bin/cc      -rdynamic CMakeFiles/cmTC_55fa3.dir/CheckSymbolExists.c.o  -o cmTC_55fa3 
make[1]: 离开目录“/home/zhbit/zhbit_vision-v1.1/Zhbit_Vision_Aim/Buff/lib/fftw-3.3.10/build/CMakeFiles/CMakeTmp”

File /home/zhbit/zhbit_vision-v1.1/Zhbit_Vision_Aim/Buff/lib/fftw-3.3.10/build/CMakeFiles/CMakeTmp/CheckSymbolExists.c:
/* */
#include <stdio.h>

int main(int argc, char** argv)
{
  (void)argv;
#ifndef snprintf
  return ((int*)(&snprintf))[argc];
#else
  (void)argc;
  return 0;
#endif
}

Determining if the strchr exist passed with the following output:
Change Dir: /home/zhbit/zhbit_vision-v1.1/Zhbit_Vision_Aim/Buff/lib/fftw-3.3.10/build/CMakeFiles/CMakeTmp

Run Build Command:"/usr/bin/make" "cmTC_cf44c/fast"
/usr/bin/make -f CMakeFiles/cmTC_cf44c.dir/build.make CMakeFiles/cmTC_cf44c.dir/build
make[1]: 进入目录“/home/zhbit/zhbit_vision-v1.1/Zhbit_Vision_Aim/Buff/lib/fftw-3.3.10/build/CMakeFiles/CMakeTmp”
Building C object CMakeFiles/cmTC_cf44c.dir/CheckSymbolExists.c.o
/usr/bin/cc    -o CMakeFiles/cmTC_cf44c.dir/CheckSymbolExists.c.o   -c /home/zhbit/zhbit_vision-v1.1/Zhbit_Vision_Aim/Buff/lib/fftw-3.3.10/build/CMakeFiles/CMakeTmp/CheckSymbolExists.c
Linking C executable cmTC_cf44c
/usr/bin/cmake -E cmake_link_script CMakeFiles/cmTC_cf44c.dir/link.txt --verbose=1
/usr/bin/cc      -rdynamic CMakeFiles/cmTC_cf44c.dir/CheckSymbolExists.c.o  -o cmTC_cf44c 
make[1]: 离开目录“/home/zhbit/zhbit_vision-v1.1/Zhbit_Vision_Aim/Buff/lib/fftw-3.3.10/build/CMakeFiles/CMakeTmp”

File /home/zhbit/zhbit_vision-v1.1/Zhbit_Vision_Aim/Buff/lib/fftw-3.3.10/build/CMakeFiles/CMakeTmp/CheckSymbolExists.c:
/* */
#include <string.h>

int main(int argc, char** argv)
{
  (void)argv;
#ifndef strchr
  return ((int*)(&strchr))[argc];
#else
  (void)argc;
  return 0;
#endif
}

Determining if the cosl exist passed with the following output:
Change Dir: /home/zhbit/zhbit_vision-v1.1/Zhbit_Vision_Aim/Buff/lib/fftw-3.3.10/build/CMakeFiles/CMakeTmp

Run Build Command:"/usr/bin/make" "cmTC_7cdc1/fast"
/usr/bin/make -f CMakeFiles/cmTC_7cdc1.dir/build.make CMakeFiles/cmTC_7cdc1.dir/build
make[1]: 进入目录“/home/zhbit/zhbit_vision-v1.1/Zhbit_Vision_Aim/Buff/lib/fftw-3.3.10/build/CMakeFiles/CMakeTmp”
Building C object CMakeFiles/cmTC_7cdc1.dir/CheckSymbolExists.c.o
/usr/bin/cc    -o CMakeFiles/cmTC_7cdc1.dir/CheckSymbolExists.c.o   -c /home/zhbit/zhbit_vision-v1.1/Zhbit_Vision_Aim/Buff/lib/fftw-3.3.10/build/CMakeFiles/CMakeTmp/CheckSymbolExists.c
Linking C executable cmTC_7cdc1
/usr/bin/cmake -E cmake_link_script CMakeFiles/cmTC_7cdc1.dir/link.txt --verbose=1
/usr/bin/cc      -rdynamic CMakeFiles/cmTC_7cdc1.dir/CheckSymbolExists.c.o  -o cmTC_7cdc1 -lm 
make[1]: 离开目录“/home/zhbit/zhbit_vision-v1.1/Zhbit_Vision_Aim/Buff/lib/fftw-3.3.10/build/CMakeFiles/CMakeTmp”

File /home/zhbit/zhbit_vision-v1.1/Zhbit_Vision_Aim/Buff/lib/fftw-3.3.10/build/CMakeFiles/CMakeTmp/CheckSymbolExists.c:
/* */
#include <math.h>

int main(int argc, char** argv)
{
  (void)argv;
#ifndef cosl
  return ((int*)(&cosl))[argc];
#else
  (void)argc;
  return 0;
#endif
}

Determining if the sinl exist passed with the following output:
Change Dir: /home/zhbit/zhbit_vision-v1.1/Zhbit_Vision_Aim/Buff/lib/fftw-3.3.10/build/CMakeFiles/CMakeTmp

Run Build Command:"/usr/bin/make" "cmTC_aa5dc/fast"
/usr/bin/make -f CMakeFiles/cmTC_aa5dc.dir/build.make CMakeFiles/cmTC_aa5dc.dir/build
make[1]: 进入目录“/home/zhbit/zhbit_vision-v1.1/Zhbit_Vision_Aim/Buff/lib/fftw-3.3.10/build/CMakeFiles/CMakeTmp”
Building C object CMakeFiles/cmTC_aa5dc.dir/CheckSymbolExists.c.o
/usr/bin/cc    -o CMakeFiles/cmTC_aa5dc.dir/CheckSymbolExists.c.o   -c /home/zhbit/zhbit_vision-v1.1/Zhbit_Vision_Aim/Buff/lib/fftw-3.3.10/build/CMakeFiles/CMakeTmp/CheckSymbolExists.c
Linking C executable cmTC_aa5dc
/usr/bin/cmake -E cmake_link_script CMakeFiles/cmTC_aa5dc.dir/link.txt --verbose=1
/usr/bin/cc      -rdynamic CMakeFiles/cmTC_aa5dc.dir/CheckSymbolExists.c.o  -o cmTC_aa5dc -lm 
make[1]: 离开目录“/home/zhbit/zhbit_vision-v1.1/Zhbit_Vision_Aim/Buff/lib/fftw-3.3.10/build/CMakeFiles/CMakeTmp”

File /home/zhbit/zhbit_vision-v1.1/Zhbit_Vision_Aim/Buff/lib/fftw-3.3.10/build/CMakeFiles/CMakeTmp/CheckSymbolExists.c:
/* */
#include <math.h>

int main(int argc, char** argv)
{
  (void)argv;
#ifndef sinl
  return ((int*)(&sinl))[argc];
#else
  (void)argc;
  return 0;
#endif
}

Determining size of float passed with the following output:
Change Dir: /home/zhbit/zhbit_vision-v1.1/Zhbit_Vision_Aim/Buff/lib/fftw-3.3.10/build/CMakeFiles/CMakeTmp

Run Build Command:"/usr/bin/make" "cmTC_0bccd/fast"
/usr/bin/make -f CMakeFiles/cmTC_0bccd.dir/build.make CMakeFiles/cmTC_0bccd.dir/build
make[1]: 进入目录“/home/zhbit/zhbit_vision-v1.1/Zhbit_Vision_Aim/Buff/lib/fftw-3.3.10/build/CMakeFiles/CMakeTmp”
Building C object CMakeFiles/cmTC_0bccd.dir/SIZEOF_FLOAT.c.o
/usr/bin/cc    -o CMakeFiles/cmTC_0bccd.dir/SIZEOF_FLOAT.c.o   -c /home/zhbit/zhbit_vision-v1.1/Zhbit_Vision_Aim/Buff/lib/fftw-3.3.10/build/CMakeFiles/CheckTypeSize/SIZEOF_FLOAT.c
Linking C executable cmTC_0bccd
/usr/bin/cmake -E cmake_link_script CMakeFiles/cmTC_0bccd.dir/link.txt --verbose=1
/usr/bin/cc      -rdynamic CMakeFiles/cmTC_0bccd.dir/SIZEOF_FLOAT.c.o  -o cmTC_0bccd -lm 
make[1]: 离开目录“/home/zhbit/zhbit_vision-v1.1/Zhbit_Vision_Aim/Buff/lib/fftw-3.3.10/build/CMakeFiles/CMakeTmp”


Determining size of double passed with the following output:
Change Dir: /home/zhbit/zhbit_vision-v1.1/Zhbit_Vision_Aim/Buff/lib/fftw-3.3.10/build/CMakeFiles/CMakeTmp

Run Build Command:"/usr/bin/make" "cmTC_e2032/fast"
/usr/bin/make -f CMakeFiles/cmTC_e2032.dir/build.make CMakeFiles/cmTC_e2032.dir/build
make[1]: 进入目录“/home/zhbit/zhbit_vision-v1.1/Zhbit_Vision_Aim/Buff/lib/fftw-3.3.10/build/CMakeFiles/CMakeTmp”
Building C object CMakeFiles/cmTC_e2032.dir/SIZEOF_DOUBLE.c.o
/usr/bin/cc    -o CMakeFiles/cmTC_e2032.dir/SIZEOF_DOUBLE.c.o   -c /home/zhbit/zhbit_vision-v1.1/Zhbit_Vision_Aim/Buff/lib/fftw-3.3.10/build/CMakeFiles/CheckTypeSize/SIZEOF_DOUBLE.c
Linking C executable cmTC_e2032
/usr/bin/cmake -E cmake_link_script CMakeFiles/cmTC_e2032.dir/link.txt --verbose=1
/usr/bin/cc      -rdynamic CMakeFiles/cmTC_e2032.dir/SIZEOF_DOUBLE.c.o  -o cmTC_e2032 -lm 
make[1]: 离开目录“/home/zhbit/zhbit_vision-v1.1/Zhbit_Vision_Aim/Buff/lib/fftw-3.3.10/build/CMakeFiles/CMakeTmp”


Determining size of int passed with the following output:
Change Dir: /home/zhbit/zhbit_vision-v1.1/Zhbit_Vision_Aim/Buff/lib/fftw-3.3.10/build/CMakeFiles/CMakeTmp

Run Build Command:"/usr/bin/make" "cmTC_155ba/fast"
/usr/bin/make -f CMakeFiles/cmTC_155ba.dir/build.make CMakeFiles/cmTC_155ba.dir/build
make[1]: 进入目录“/home/zhbit/zhbit_vision-v1.1/Zhbit_Vision_Aim/Buff/lib/fftw-3.3.10/build/CMakeFiles/CMakeTmp”
Building C object CMakeFiles/cmTC_155ba.dir/SIZEOF_INT.c.o
/usr/bin/cc    -o CMakeFiles/cmTC_155ba.dir/SIZEOF_INT.c.o   -c /home/zhbit/zhbit_vision-v1.1/Zhbit_Vision_Aim/Buff/lib/fftw-3.3.10/build/CMakeFiles/CheckTypeSize/SIZEOF_INT.c
Linking C executable cmTC_155ba
/usr/bin/cmake -E cmake_link_script CMakeFiles/cmTC_155ba.dir/link.txt --verbose=1
/usr/bin/cc      -rdynamic CMakeFiles/cmTC_155ba.dir/SIZEOF_INT.c.o  -o cmTC_155ba -lm 
make[1]: 离开目录“/home/zhbit/zhbit_vision-v1.1/Zhbit_Vision_Aim/Buff/lib/fftw-3.3.10/build/CMakeFiles/CMakeTmp”


Determining size of long passed with the following output:
Change Dir: /home/zhbit/zhbit_vision-v1.1/Zhbit_Vision_Aim/Buff/lib/fftw-3.3.10/build/CMakeFiles/CMakeTmp

Run Build Command:"/usr/bin/make" "cmTC_86c74/fast"
/usr/bin/make -f CMakeFiles/cmTC_86c74.dir/build.make CMakeFiles/cmTC_86c74.dir/build
make[1]: 进入目录“/home/zhbit/zhbit_vision-v1.1/Zhbit_Vision_Aim/Buff/lib/fftw-3.3.10/build/CMakeFiles/CMakeTmp”
Building C object CMakeFiles/cmTC_86c74.dir/SIZEOF_LONG.c.o
/usr/bin/cc    -o CMakeFiles/cmTC_86c74.dir/SIZEOF_LONG.c.o   -c /home/zhbit/zhbit_vision-v1.1/Zhbit_Vision_Aim/Buff/lib/fftw-3.3.10/build/CMakeFiles/CheckTypeSize/SIZEOF_LONG.c
Linking C executable cmTC_86c74
/usr/bin/cmake -E cmake_link_script CMakeFiles/cmTC_86c74.dir/link.txt --verbose=1
/usr/bin/cc      -rdynamic CMakeFiles/cmTC_86c74.dir/SIZEOF_LONG.c.o  -o cmTC_86c74 -lm 
make[1]: 离开目录“/home/zhbit/zhbit_vision-v1.1/Zhbit_Vision_Aim/Buff/lib/fftw-3.3.10/build/CMakeFiles/CMakeTmp”


Determining size of long long passed with the following output:
Change Dir: /home/zhbit/zhbit_vision-v1.1/Zhbit_Vision_Aim/Buff/lib/fftw-3.3.10/build/CMakeFiles/CMakeTmp

Run Build Command:"/usr/bin/make" "cmTC_b4bd6/fast"
/usr/bin/make -f CMakeFiles/cmTC_b4bd6.dir/build.make CMakeFiles/cmTC_b4bd6.dir/build
make[1]: 进入目录“/home/zhbit/zhbit_vision-v1.1/Zhbit_Vision_Aim/Buff/lib/fftw-3.3.10/build/CMakeFiles/CMakeTmp”
Building C object CMakeFiles/cmTC_b4bd6.dir/SIZEOF_LONG_LONG.c.o
/usr/bin/cc    -o CMakeFiles/cmTC_b4bd6.dir/SIZEOF_LONG_LONG.c.o   -c /home/zhbit/zhbit_vision-v1.1/Zhbit_Vision_Aim/Buff/lib/fftw-3.3.10/build/CMakeFiles/CheckTypeSize/SIZEOF_LONG_LONG.c
Linking C executable cmTC_b4bd6
/usr/bin/cmake -E cmake_link_script CMakeFiles/cmTC_b4bd6.dir/link.txt --verbose=1
/usr/bin/cc      -rdynamic CMakeFiles/cmTC_b4bd6.dir/SIZEOF_LONG_LONG.c.o  -o cmTC_b4bd6 -lm 
make[1]: 离开目录“/home/zhbit/zhbit_vision-v1.1/Zhbit_Vision_Aim/Buff/lib/fftw-3.3.10/build/CMakeFiles/CMakeTmp”


Determining size of unsigned int passed with the following output:
Change Dir: /home/zhbit/zhbit_vision-v1.1/Zhbit_Vision_Aim/Buff/lib/fftw-3.3.10/build/CMakeFiles/CMakeTmp

Run Build Command:"/usr/bin/make" "cmTC_1386d/fast"
/usr/bin/make -f CMakeFiles/cmTC_1386d.dir/build.make CMakeFiles/cmTC_1386d.dir/build
make[1]: 进入目录“/home/zhbit/zhbit_vision-v1.1/Zhbit_Vision_Aim/Buff/lib/fftw-3.3.10/build/CMakeFiles/CMakeTmp”
Building C object CMakeFiles/cmTC_1386d.dir/SIZEOF_UNSIGNED_INT.c.o
/usr/bin/cc    -o CMakeFiles/cmTC_1386d.dir/SIZEOF_UNSIGNED_INT.c.o   -c /home/zhbit/zhbit_vision-v1.1/Zhbit_Vision_Aim/Buff/lib/fftw-3.3.10/build/CMakeFiles/CheckTypeSize/SIZEOF_UNSIGNED_INT.c
Linking C executable cmTC_1386d
/usr/bin/cmake -E cmake_link_script CMakeFiles/cmTC_1386d.dir/link.txt --verbose=1
/usr/bin/cc      -rdynamic CMakeFiles/cmTC_1386d.dir/SIZEOF_UNSIGNED_INT.c.o  -o cmTC_1386d -lm 
make[1]: 离开目录“/home/zhbit/zhbit_vision-v1.1/Zhbit_Vision_Aim/Buff/lib/fftw-3.3.10/build/CMakeFiles/CMakeTmp”


Determining size of unsigned long passed with the following output:
Change Dir: /home/zhbit/zhbit_vision-v1.1/Zhbit_Vision_Aim/Buff/lib/fftw-3.3.10/build/CMakeFiles/CMakeTmp

Run Build Command:"/usr/bin/make" "cmTC_bed40/fast"
/usr/bin/make -f CMakeFiles/cmTC_bed40.dir/build.make CMakeFiles/cmTC_bed40.dir/build
make[1]: 进入目录“/home/zhbit/zhbit_vision-v1.1/Zhbit_Vision_Aim/Buff/lib/fftw-3.3.10/build/CMakeFiles/CMakeTmp”
Building C object CMakeFiles/cmTC_bed40.dir/SIZEOF_UNSIGNED_LONG.c.o
/usr/bin/cc    -o CMakeFiles/cmTC_bed40.dir/SIZEOF_UNSIGNED_LONG.c.o   -c /home/zhbit/zhbit_vision-v1.1/Zhbit_Vision_Aim/Buff/lib/fftw-3.3.10/build/CMakeFiles/CheckTypeSize/SIZEOF_UNSIGNED_LONG.c
Linking C executable cmTC_bed40
/usr/bin/cmake -E cmake_link_script CMakeFiles/cmTC_bed40.dir/link.txt --verbose=1
/usr/bin/cc      -rdynamic CMakeFiles/cmTC_bed40.dir/SIZEOF_UNSIGNED_LONG.c.o  -o cmTC_bed40 -lm 
make[1]: 离开目录“/home/zhbit/zhbit_vision-v1.1/Zhbit_Vision_Aim/Buff/lib/fftw-3.3.10/build/CMakeFiles/CMakeTmp”


Determining size of unsigned long long passed with the following output:
Change Dir: /home/zhbit/zhbit_vision-v1.1/Zhbit_Vision_Aim/Buff/lib/fftw-3.3.10/build/CMakeFiles/CMakeTmp

Run Build Command:"/usr/bin/make" "cmTC_9f560/fast"
/usr/bin/make -f CMakeFiles/cmTC_9f560.dir/build.make CMakeFiles/cmTC_9f560.dir/build
make[1]: 进入目录“/home/zhbit/zhbit_vision-v1.1/Zhbit_Vision_Aim/Buff/lib/fftw-3.3.10/build/CMakeFiles/CMakeTmp”
Building C object CMakeFiles/cmTC_9f560.dir/SIZEOF_UNSIGNED_LONG_LONG.c.o
/usr/bin/cc    -o CMakeFiles/cmTC_9f560.dir/SIZEOF_UNSIGNED_LONG_LONG.c.o   -c /home/zhbit/zhbit_vision-v1.1/Zhbit_Vision_Aim/Buff/lib/fftw-3.3.10/build/CMakeFiles/CheckTypeSize/SIZEOF_UNSIGNED_LONG_LONG.c
Linking C executable cmTC_9f560
/usr/bin/cmake -E cmake_link_script CMakeFiles/cmTC_9f560.dir/link.txt --verbose=1
/usr/bin/cc      -rdynamic CMakeFiles/cmTC_9f560.dir/SIZEOF_UNSIGNED_LONG_LONG.c.o  -o cmTC_9f560 -lm 
make[1]: 离开目录“/home/zhbit/zhbit_vision-v1.1/Zhbit_Vision_Aim/Buff/lib/fftw-3.3.10/build/CMakeFiles/CMakeTmp”


Determining size of size_t passed with the following output:
Change Dir: /home/zhbit/zhbit_vision-v1.1/Zhbit_Vision_Aim/Buff/lib/fftw-3.3.10/build/CMakeFiles/CMakeTmp

Run Build Command:"/usr/bin/make" "cmTC_64b23/fast"
/usr/bin/make -f CMakeFiles/cmTC_64b23.dir/build.make CMakeFiles/cmTC_64b23.dir/build
make[1]: 进入目录“/home/zhbit/zhbit_vision-v1.1/Zhbit_Vision_Aim/Buff/lib/fftw-3.3.10/build/CMakeFiles/CMakeTmp”
Building C object CMakeFiles/cmTC_64b23.dir/SIZEOF_SIZE_T.c.o
/usr/bin/cc    -o CMakeFiles/cmTC_64b23.dir/SIZEOF_SIZE_T.c.o   -c /home/zhbit/zhbit_vision-v1.1/Zhbit_Vision_Aim/Buff/lib/fftw-3.3.10/build/CMakeFiles/CheckTypeSize/SIZEOF_SIZE_T.c
Linking C executable cmTC_64b23
/usr/bin/cmake -E cmake_link_script CMakeFiles/cmTC_64b23.dir/link.txt --verbose=1
/usr/bin/cc      -rdynamic CMakeFiles/cmTC_64b23.dir/SIZEOF_SIZE_T.c.o  -o cmTC_64b23 -lm 
make[1]: 离开目录“/home/zhbit/zhbit_vision-v1.1/Zhbit_Vision_Aim/Buff/lib/fftw-3.3.10/build/CMakeFiles/CMakeTmp”


Determining size of ptrdiff_t passed with the following output:
Change Dir: /home/zhbit/zhbit_vision-v1.1/Zhbit_Vision_Aim/Buff/lib/fftw-3.3.10/build/CMakeFiles/CMakeTmp

Run Build Command:"/usr/bin/make" "cmTC_bb7d2/fast"
/usr/bin/make -f CMakeFiles/cmTC_bb7d2.dir/build.make CMakeFiles/cmTC_bb7d2.dir/build
make[1]: 进入目录“/home/zhbit/zhbit_vision-v1.1/Zhbit_Vision_Aim/Buff/lib/fftw-3.3.10/build/CMakeFiles/CMakeTmp”
Building C object CMakeFiles/cmTC_bb7d2.dir/SIZEOF_PTRDIFF_T.c.o
/usr/bin/cc    -o CMakeFiles/cmTC_bb7d2.dir/SIZEOF_PTRDIFF_T.c.o   -c /home/zhbit/zhbit_vision-v1.1/Zhbit_Vision_Aim/Buff/lib/fftw-3.3.10/build/CMakeFiles/CheckTypeSize/SIZEOF_PTRDIFF_T.c
Linking C executable cmTC_bb7d2
/usr/bin/cmake -E cmake_link_script CMakeFiles/cmTC_bb7d2.dir/link.txt --verbose=1
/usr/bin/cc      -rdynamic CMakeFiles/cmTC_bb7d2.dir/SIZEOF_PTRDIFF_T.c.o  -o cmTC_bb7d2 -lm 
make[1]: 离开目录“/home/zhbit/zhbit_vision-v1.1/Zhbit_Vision_Aim/Buff/lib/fftw-3.3.10/build/CMakeFiles/CMakeTmp”


