Performing C SOURCE FILE Test CMAKE_HAVE_LIBC_PTHREAD failed with the following output:
Change Dir: /home/arno/全向轮/zhbit_vision-v1.1/Zhbit_Vision_Aim/build/CMakeFiles/CMakeTmp

Run Build Command(s):/usr/bin/gmake cmTC_1f32f/fast && /usr/bin/gmake  -f CMakeFiles/cmTC_1f32f.dir/build.make CMakeFiles/cmTC_1f32f.dir/build
gmake[1]: 进入目录“/home/arno/全向轮/zhbit_vision-v1.1/Zhbit_Vision_Aim/build/CMakeFiles/CMakeTmp”
Building C object CMakeFiles/cmTC_1f32f.dir/src.c.o
/usr/bin/cc   -DCMAKE_HAVE_LIBC_PTHREAD -o CMakeFiles/cmTC_1f32f.dir/src.c.o -c /home/arno/全向轮/zhbit_vision-v1.1/Zhbit_Vision_Aim/build/CMakeFiles/CMakeTmp/src.c
Linking C executable cmTC_1f32f
/usr/bin/cmake -E cmake_link_script CMakeFiles/cmTC_1f32f.dir/link.txt --verbose=1
/usr/bin/cc  -DCMAKE_HAVE_LIBC_PTHREAD -rdynamic CMakeFiles/cmTC_1f32f.dir/src.c.o -o cmTC_1f32f 
/usr/bin/ld: CMakeFiles/cmTC_1f32f.dir/src.c.o: in function `main':
src.c:(.text+0x46): undefined reference to `pthread_create'
/usr/bin/ld: src.c:(.text+0x52): undefined reference to `pthread_detach'
/usr/bin/ld: src.c:(.text+0x5e): undefined reference to `pthread_cancel'
/usr/bin/ld: src.c:(.text+0x6f): undefined reference to `pthread_join'
collect2: error: ld returned 1 exit status
gmake[1]: *** [CMakeFiles/cmTC_1f32f.dir/build.make:106：cmTC_1f32f] 错误 1
gmake[1]: 离开目录“/home/arno/全向轮/zhbit_vision-v1.1/Zhbit_Vision_Aim/build/CMakeFiles/CMakeTmp”
gmake: *** [Makefile:140：cmTC_1f32f/fast] 错误 2


Source file was:
#include <pthread.h>

void* test_func(void* data)
{
  return data;
}

int main(void)
{
  pthread_t thread;
  pthread_create(&thread, NULL, test_func, NULL);
  pthread_detach(thread);
  pthread_cancel(thread);
  pthread_join(thread, NULL);
  pthread_atfork(NULL, NULL, NULL);
  pthread_exit(NULL);

  return 0;
}

Determining if the function pthread_create exists in the pthreads failed with the following output:
Change Dir: /home/arno/全向轮/zhbit_vision-v1.1/Zhbit_Vision_Aim/build/CMakeFiles/CMakeTmp

Run Build Command(s):/usr/bin/gmake cmTC_2cf8d/fast && /usr/bin/gmake  -f CMakeFiles/cmTC_2cf8d.dir/build.make CMakeFiles/cmTC_2cf8d.dir/build
gmake[1]: 进入目录“/home/arno/全向轮/zhbit_vision-v1.1/Zhbit_Vision_Aim/build/CMakeFiles/CMakeTmp”
Building C object CMakeFiles/cmTC_2cf8d.dir/CheckFunctionExists.c.o
/usr/bin/cc   -DCHECK_FUNCTION_EXISTS=pthread_create -o CMakeFiles/cmTC_2cf8d.dir/CheckFunctionExists.c.o -c /usr/share/cmake-3.18/Modules/CheckFunctionExists.c
Linking C executable cmTC_2cf8d
/usr/bin/cmake -E cmake_link_script CMakeFiles/cmTC_2cf8d.dir/link.txt --verbose=1
/usr/bin/cc  -DCHECK_FUNCTION_EXISTS=pthread_create -rdynamic CMakeFiles/cmTC_2cf8d.dir/CheckFunctionExists.c.o -o cmTC_2cf8d  -lpthreads 
/usr/bin/ld: 找不到 -lpthreads
collect2: error: ld returned 1 exit status
gmake[1]: *** [CMakeFiles/cmTC_2cf8d.dir/build.make:106：cmTC_2cf8d] 错误 1
gmake[1]: 离开目录“/home/arno/全向轮/zhbit_vision-v1.1/Zhbit_Vision_Aim/build/CMakeFiles/CMakeTmp”
gmake: *** [Makefile:140：cmTC_2cf8d/fast] 错误 2



